Using pre-set license
Built from '2020.3/china_unity/release' branch; Version is '2020.3.3f1c1 (a34b99c2c582) revision 10701721'; Using compiler version '192528614'; Build Type 'Release'
OS: 'Windows 10 Pro; OS build 19041.928; Version 2004; 64bit' Language: 'zh' Physical Memory: 32706 MB
BatchMode: 1, IsHumanControllingUs: 0, StartBugReporterOnCrash: 0, Is64bit: 1, IsPro: 0

 COMMAND LINE ARGUMENTS:
C:\QuickApps\Unity\2020.3.3f1c1\Editor\Unity.exe
-adb2
-batchMode
-noUpm
-name
AssetImportWorker0
-projectPath
E:/repos/GameDesign/BlackAndWhite/BlackAndWhite
-logFile
Logs/AssetImportWorker0.log
-srvPort
50569
Successfully changed project path to: E:/repos/GameDesign/BlackAndWhite/BlackAndWhite
E:/repos/GameDesign/BlackAndWhite/BlackAndWhite
Using Asset Import Pipeline V2.
Refreshing native plugins compatible for Editor in 33.28 ms, found 1 plugins.
Preloading 0 native plugins for Editor in 0.00 ms.
Initialize engine version: 2020.3.3f1c1 (a34b99c2c582)
[Subsystems] Discovering subsystems at path C:/QuickApps/Unity/2020.3.3f1c1/Editor/Data/Resources/UnitySubsystems
[Subsystems] Discovering subsystems at path E:/repos/GameDesign/BlackAndWhite/BlackAndWhite/Assets
GfxDevice: creating device client; threaded=0
Direct3D:
    Version:  Direct3D 11.0 [level 11.1]
    Renderer: NVIDIA GeForce RTX 3070 (ID=0x2484)
    Vendor:   
    VRAM:     8043 MB
    Driver:   27.21.14.6089
Initialize mono
Mono path[0] = 'C:/QuickApps/Unity/2020.3.3f1c1/Editor/Data/Managed'
Mono path[1] = 'C:/QuickApps/Unity/2020.3.3f1c1/Editor/Data/MonoBleedingEdge/lib/mono/unityjit'
Mono config path = 'C:/QuickApps/Unity/2020.3.3f1c1/Editor/Data/MonoBleedingEdge/etc'
Using monoOptions --debugger-agent=transport=dt_socket,embedding=1,server=y,suspend=n,address=127.0.0.1:56384
Begin MonoManager ReloadAssembly
Registering precompiled unity dll's ...
Register platform support module: C:/QuickApps/Unity/2020.3.3f1c1/Editor/Data/PlaybackEngines/WindowsStandaloneSupport/UnityEditor.WindowsStandalone.Extensions.dll
Registered in 0.005726 seconds.
Native extension for WindowsStandalone target not found
Refreshing native plugins compatible for Editor in 32.26 ms, found 1 plugins.
Preloading 0 native plugins for Editor in 0.00 ms.
Invoked RoslynAnalysisRunner static constructor.
RoslynAnalysisRunner will not be running.
RoslynAnalysisRunner has terminated.
Mono: successfully reloaded assembly
- Completed reload, in  1.246 seconds
Platform modules already initialized, skipping
Registering precompiled user dll's ...
Registered in 0.001416 seconds.
Begin MonoManager ReloadAssembly
Native extension for WindowsStandalone target not found
Refreshing native plugins compatible for Editor in 33.01 ms, found 1 plugins.
Preloading 0 native plugins for Editor in 0.00 ms.
Invoked RoslynAnalysisRunner static constructor.
RoslynAnalysisRunner will not be running.
RoslynAnalysisRunner has terminated.
Mono: successfully reloaded assembly
- Completed reload, in  1.025 seconds
Platform modules already initialized, skipping
========================================================================
Worker process is ready to serve import requests
Launched and connected shader compiler UnityShaderCompiler.exe after 0.06 seconds
Refreshing native plugins compatible for Editor in 0.29 ms, found 1 plugins.
Preloading 0 native plugins for Editor in 0.00 ms.
Unloading 1757 Unused Serialized files (Serialized files now loaded: 0)
System memory in use before: 86.1 MB.
System memory in use after: 86.2 MB.

Unloading 20 unused Assets to reduce memory usage. Loaded Objects now: 2210.
Total: 1.662000 ms (FindLiveObjects: 0.162200 ms CreateObjectMapping: 0.068600 ms MarkObjects: 1.374500 ms  DeleteObjects: 0.055900 ms)

========================================================================
Received Import Request.
  path: Assets/Sounds
  artifactKey: Guid(e0cae8a652b0a54408cb0977a05f214b) Importer(815301076,1909f56bfc062723c751e8b465ee728b)
Start importing Assets/Sounds using Guid(e0cae8a652b0a54408cb0977a05f214b) Importer(815301076,1909f56bfc062723c751e8b465ee728b)  -> (artifact id: '28ec3c24293ebeccd5ff090712570072') in 0.003941 seconds
  Import took 0.006316 seconds .

========================================================================
Received Import Request.
  Time since last request: 181.090195 seconds.
  path: Assets/Sounds/SFX
  artifactKey: Guid(35bf3fdb53133ca408b84c2b3bd10fc9) Importer(815301076,1909f56bfc062723c751e8b465ee728b)
Start importing Assets/Sounds/SFX using Guid(35bf3fdb53133ca408b84c2b3bd10fc9) Importer(815301076,1909f56bfc062723c751e8b465ee728b)  -> (artifact id: 'a8822993fa5fcfda6c2bb79ec6d50db8') in 0.002283 seconds
  Import took 0.004706 seconds .

========================================================================
Received Import Request.
  Time since last request: 0.000942 seconds.
  path: Assets/Sounds/SFX
  artifactKey: Guid(35bf3fdb53133ca408b84c2b3bd10fc9) Importer(815301076,1909f56bfc062723c751e8b465ee728b)
Start importing Assets/Sounds/SFX using Guid(35bf3fdb53133ca408b84c2b3bd10fc9) Importer(815301076,1909f56bfc062723c751e8b465ee728b)  -> (artifact id: 'a8822993fa5fcfda6c2bb79ec6d50db8') in 0.001744 seconds
  Import took 0.004045 seconds .

========================================================================
Received Import Request.
  Time since last request: 0.048115 seconds.
  path: Assets/Sounds/SFX/SFX_-_Box_Breaking.mp3
  artifactKey: Guid(cd4be9f9c6e6fad448239ff48babe9d1) Importer(815301076,1909f56bfc062723c751e8b465ee728b)
Start importing Assets/Sounds/SFX/SFX_-_Box_Breaking.mp3 using Guid(cd4be9f9c6e6fad448239ff48babe9d1) Importer(815301076,1909f56bfc062723c751e8b465ee728b)  -> (artifact id: '7ae7b9fa9b560fd21dddc206bca2fd0b') in 0.111591 seconds
  Import took 0.114059 seconds .

========================================================================
Received Import Request.
  Time since last request: 0.000232 seconds.
  path: Assets/Sounds/SFX/SFX_-_Bubble_Burst.mp3
  artifactKey: Guid(0095b46be4a1a0840b38f7ede6492eab) Importer(815301076,1909f56bfc062723c751e8b465ee728b)
Start importing Assets/Sounds/SFX/SFX_-_Bubble_Burst.mp3 using Guid(0095b46be4a1a0840b38f7ede6492eab) Importer(815301076,1909f56bfc062723c751e8b465ee728b)  -> (artifact id: 'b10e7ac70954035555bbbdb7a10d3216') in 0.007504 seconds
  Import took 0.009881 seconds .

========================================================================
Received Import Request.
  Time since last request: 0.000218 seconds.
  path: Assets/Sounds/SFX/SFX_-_Portal.mp3
  artifactKey: Guid(b7b9ecd200fbe9141b16402391a1a32b) Importer(815301076,1909f56bfc062723c751e8b465ee728b)
Start importing Assets/Sounds/SFX/SFX_-_Portal.mp3 using Guid(b7b9ecd200fbe9141b16402391a1a32b) Importer(815301076,1909f56bfc062723c751e8b465ee728b)  -> (artifact id: '6ecb2e7512207930a803e1587b548723') in 0.008322 seconds
  Import took 0.010770 seconds .

========================================================================
Received Import Request.
  Time since last request: 0.000285 seconds.
  path: Assets/Sounds/SFX/SFX_-_Charge.mp3
  artifactKey: Guid(27686af9f19d8be4fa79bc4c3e07dedf) Importer(815301076,1909f56bfc062723c751e8b465ee728b)
Start importing Assets/Sounds/SFX/SFX_-_Charge.mp3 using Guid(27686af9f19d8be4fa79bc4c3e07dedf) Importer(815301076,1909f56bfc062723c751e8b465ee728b)  -> (artifact id: 'c3306ea69e3fb4a060d03ca95cc44abd') in 0.009522 seconds
  Import took 0.012067 seconds .

========================================================================
Received Import Request.
  Time since last request: 0.000235 seconds.
  path: Assets/Sounds/SFX/SFX_-_Step_1.mp3
  artifactKey: Guid(6afecaddee1bb08459d1653cd9481127) Importer(815301076,1909f56bfc062723c751e8b465ee728b)
Start importing Assets/Sounds/SFX/SFX_-_Step_1.mp3 using Guid(6afecaddee1bb08459d1653cd9481127) Importer(815301076,1909f56bfc062723c751e8b465ee728b)  -> (artifact id: 'ef4c213b066fc37b28fb2a4034201bdd') in 0.012352 seconds
  Import took 0.014869 seconds .

========================================================================
Received Import Request.
  Time since last request: 0.000273 seconds.
  path: Assets/Sounds/SFX/SFX_-_Picking_Crystal.mp3
  artifactKey: Guid(cbf22a78ac4978d4f931eacb94d6b777) Importer(815301076,1909f56bfc062723c751e8b465ee728b)
Start importing Assets/Sounds/SFX/SFX_-_Picking_Crystal.mp3 using Guid(cbf22a78ac4978d4f931eacb94d6b777) Importer(815301076,1909f56bfc062723c751e8b465ee728b)  -> (artifact id: '66db1c2e90d3bc4ea287e780726b23e9') in 0.007522 seconds
  Import took 0.010269 seconds .

========================================================================
Received Import Request.
  Time since last request: 0.000316 seconds.
  path: Assets/Sounds/SFX/SFX_-_Step_1.mp3
  artifactKey: Guid(6afecaddee1bb08459d1653cd9481127) Importer(815301076,1909f56bfc062723c751e8b465ee728b)
Start importing Assets/Sounds/SFX/SFX_-_Step_1.mp3 using Guid(6afecaddee1bb08459d1653cd9481127) Importer(815301076,1909f56bfc062723c751e8b465ee728b)  -> (artifact id: 'ef4c213b066fc37b28fb2a4034201bdd') in 0.007573 seconds
  Import took 0.010096 seconds .

========================================================================
Received Import Request.
  Time since last request: 0.000205 seconds.
  path: Assets/Sounds/SFX/SFX_-_Text_Transition.mp3
  artifactKey: Guid(5aefb0fae84129844bd0b0209213feff) Importer(815301076,1909f56bfc062723c751e8b465ee728b)
Start importing Assets/Sounds/SFX/SFX_-_Text_Transition.mp3 using Guid(5aefb0fae84129844bd0b0209213feff) Importer(815301076,1909f56bfc062723c751e8b465ee728b)  -> (artifact id: 'aa580fa9d068ad5d25119593e4b7d068') in 0.009955 seconds
  Import took 0.012390 seconds .

========================================================================
Received Import Request.
  Time since last request: 343.344814 seconds.
  path: Assets/Plugins/com.bl.gameflow/Editor
  artifactKey: Guid(980528f5034647945a87f23632281168) Importer(815301076,1909f56bfc062723c751e8b465ee728b)
Start importing Assets/Plugins/com.bl.gameflow/Editor using Guid(980528f5034647945a87f23632281168) Importer(815301076,1909f56bfc062723c751e8b465ee728b)  -> (artifact id: 'b795c985e8f4533c191b7c6b6ea2ffee') in 0.003119 seconds
  Import took 0.006688 seconds .

========================================================================
Received Import Request.
  Time since last request: 0.610532 seconds.
  path: Assets/Plugins/com.bl.gameflow/Resources
  artifactKey: Guid(dc5d0107336d2fb4a9a3e96d4c93d4ce) Importer(815301076,1909f56bfc062723c751e8b465ee728b)
Start importing Assets/Plugins/com.bl.gameflow/Resources using Guid(dc5d0107336d2fb4a9a3e96d4c93d4ce) Importer(815301076,1909f56bfc062723c751e8b465ee728b)  -> (artifact id: 'f376d3dec947041f95f4b0dac8a6eb0d') in 0.004522 seconds
  Import took 0.007872 seconds .

========================================================================
Received Import Request.
  Time since last request: 2.072203 seconds.
  path: Assets/Plugins/com.bl.gameflow/Runtime/Data
  artifactKey: Guid(648a08acbbf781f40a88c2e9d3dd2199) Importer(815301076,1909f56bfc062723c751e8b465ee728b)
Start importing Assets/Plugins/com.bl.gameflow/Runtime/Data using Guid(648a08acbbf781f40a88c2e9d3dd2199) Importer(815301076,1909f56bfc062723c751e8b465ee728b)  -> (artifact id: '38cd80c95a9aedd1765e5471c8846adc') in 0.002633 seconds
  Import took 0.005801 seconds .

========================================================================
Received Import Request.
  Time since last request: 0.000480 seconds.
  path: Assets/Plugins/com.bl.gameflow/Runtime/Data
  artifactKey: Guid(648a08acbbf781f40a88c2e9d3dd2199) Importer(815301076,1909f56bfc062723c751e8b465ee728b)
Start importing Assets/Plugins/com.bl.gameflow/Runtime/Data using Guid(648a08acbbf781f40a88c2e9d3dd2199) Importer(815301076,1909f56bfc062723c751e8b465ee728b)  -> (artifact id: '38cd80c95a9aedd1765e5471c8846adc') in 0.002085 seconds
  Import took 0.004680 seconds .

========================================================================
Received Import Request.
  Time since last request: 1.606842 seconds.
  path: Assets/Plugins/com.bl.gameflow/Runtime/Extension Methods
  artifactKey: Guid(dd1bd25d371a72d4db75bfe4a073eeef) Importer(815301076,1909f56bfc062723c751e8b465ee728b)
Start importing Assets/Plugins/com.bl.gameflow/Runtime/Extension Methods using Guid(dd1bd25d371a72d4db75bfe4a073eeef) Importer(815301076,1909f56bfc062723c751e8b465ee728b)  -> (artifact id: 'fe17ef8e0068f342587847dabb3bcc5b') in 0.002757 seconds
  Import took 0.005854 seconds .

========================================================================
Received Import Request.
  Time since last request: 0.000418 seconds.
  path: Assets/Plugins/com.bl.gameflow/Runtime/Extension Methods
  artifactKey: Guid(dd1bd25d371a72d4db75bfe4a073eeef) Importer(815301076,1909f56bfc062723c751e8b465ee728b)
Start importing Assets/Plugins/com.bl.gameflow/Runtime/Extension Methods using Guid(dd1bd25d371a72d4db75bfe4a073eeef) Importer(815301076,1909f56bfc062723c751e8b465ee728b)  -> (artifact id: 'fe17ef8e0068f342587847dabb3bcc5b') in 0.002033 seconds
  Import took 0.004620 seconds .

========================================================================
Received Import Request.
  Time since last request: 0.791506 seconds.
  path: Assets/Plugins/com.bl.gameflow/Runtime/Flow
  artifactKey: Guid(b2fb6583c946b4749810802a1d9db7b0) Importer(815301076,1909f56bfc062723c751e8b465ee728b)
Start importing Assets/Plugins/com.bl.gameflow/Runtime/Flow using Guid(b2fb6583c946b4749810802a1d9db7b0) Importer(815301076,1909f56bfc062723c751e8b465ee728b)  -> (artifact id: 'ad5b29f1b9f9b74eff943d60088f26a1') in 0.002314 seconds
  Import took 0.004804 seconds .

========================================================================
Received Import Request.
  Time since last request: 0.000538 seconds.
  path: Assets/Plugins/com.bl.gameflow/Runtime/Flow
  artifactKey: Guid(b2fb6583c946b4749810802a1d9db7b0) Importer(815301076,1909f56bfc062723c751e8b465ee728b)
Start importing Assets/Plugins/com.bl.gameflow/Runtime/Flow using Guid(b2fb6583c946b4749810802a1d9db7b0) Importer(815301076,1909f56bfc062723c751e8b465ee728b)  -> (artifact id: 'ad5b29f1b9f9b74eff943d60088f26a1') in 0.001831 seconds
  Import took 0.004528 seconds .

========================================================================
Received Import Request.
  Time since last request: 8.438875 seconds.
  path: Assets/Plugins/com.bl.gameflow/Runtime/Interactions
  artifactKey: Guid(6a3404dd1797a6441b00583f71711042) Importer(815301076,1909f56bfc062723c751e8b465ee728b)
Start importing Assets/Plugins/com.bl.gameflow/Runtime/Interactions using Guid(6a3404dd1797a6441b00583f71711042) Importer(815301076,1909f56bfc062723c751e8b465ee728b)  -> (artifact id: '2b9026cfdccec03adbcc11206f8f9645') in 0.002599 seconds
  Import took 0.005310 seconds .

========================================================================
Received Import Request.
  Time since last request: 0.000538 seconds.
  path: Assets/Plugins/com.bl.gameflow/Runtime/Interactions
  artifactKey: Guid(6a3404dd1797a6441b00583f71711042) Importer(815301076,1909f56bfc062723c751e8b465ee728b)
Start importing Assets/Plugins/com.bl.gameflow/Runtime/Interactions using Guid(6a3404dd1797a6441b00583f71711042) Importer(815301076,1909f56bfc062723c751e8b465ee728b)  -> (artifact id: '2b9026cfdccec03adbcc11206f8f9645') in 0.002115 seconds
  Import took 0.004811 seconds .

========================================================================
Received Import Request.
  Time since last request: 3.494571 seconds.
  path: Assets/Plugins/com.bl.gameflow/Runtime/Task
  artifactKey: Guid(567ee1931c4e30c4e951ace3be99bbd0) Importer(815301076,1909f56bfc062723c751e8b465ee728b)
Start importing Assets/Plugins/com.bl.gameflow/Runtime/Task using Guid(567ee1931c4e30c4e951ace3be99bbd0) Importer(815301076,1909f56bfc062723c751e8b465ee728b)  -> (artifact id: '63d6605dc285272bb12bf91dd16ecec7') in 0.002534 seconds
  Import took 0.005213 seconds .

========================================================================
Received Import Request.
  Time since last request: 1.497456 seconds.
  path: Assets/Plugins/com.bl.gameflow/Runtime/Task/Ex
  artifactKey: Guid(98b2de6d176e4b14e9649f9731b1be65) Importer(815301076,1909f56bfc062723c751e8b465ee728b)
Start importing Assets/Plugins/com.bl.gameflow/Runtime/Task/Ex using Guid(98b2de6d176e4b14e9649f9731b1be65) Importer(815301076,1909f56bfc062723c751e8b465ee728b)  -> (artifact id: '5787e65b6e720443c81342c4e3ce5d17') in 0.002846 seconds
  Import took 0.005690 seconds .

========================================================================
Received Import Request.
  Time since last request: 1.684945 seconds.
  path: Assets/Plugins/com.bl.gameflow/Runtime/Task/Ex/DOTweenTask.cs
  artifactKey: Guid(63c6d613eb8e3894986f08da570d6106) Importer(815301076,1909f56bfc062723c751e8b465ee728b)
Start importing Assets/Plugins/com.bl.gameflow/Runtime/Task/Ex/DOTweenTask.cs using Guid(63c6d613eb8e3894986f08da570d6106) Importer(815301076,1909f56bfc062723c751e8b465ee728b)  -> (artifact id: '77d87859633c08561ab8c5f586437efd') in 0.010286 seconds
  Import took 0.012969 seconds .

========================================================================
Received Import Request.
  Time since last request: 0.000951 seconds.
  path: Assets/Plugins/com.bl.gameflow/Runtime/Task/Ex/DOTweenTask.cs
  artifactKey: Guid(63c6d613eb8e3894986f08da570d6106) Importer(815301076,1909f56bfc062723c751e8b465ee728b)
Start importing Assets/Plugins/com.bl.gameflow/Runtime/Task/Ex/DOTweenTask.cs using Guid(63c6d613eb8e3894986f08da570d6106) Importer(815301076,1909f56bfc062723c751e8b465ee728b)  -> (artifact id: '77d87859633c08561ab8c5f586437efd') in 0.002498 seconds
  Import took 0.005189 seconds .

========================================================================
Received Import Request.
  Time since last request: 13.649311 seconds.
  path: Assets/Plugins/com.bl.gameflow/Runtime/Task/Ex/DOTweenTask.cs
  artifactKey: Guid(63c6d613eb8e3894986f08da570d6106) Importer(815301076,1909f56bfc062723c751e8b465ee728b)
Start importing Assets/Plugins/com.bl.gameflow/Runtime/Task/Ex/DOTweenTask.cs using Guid(63c6d613eb8e3894986f08da570d6106) Importer(815301076,1909f56bfc062723c751e8b465ee728b)  -> (artifact id: '2313c40f2da1620cda4de706d5ba6553') in 0.003410 seconds
  Import took 0.008294 seconds .

========================================================================
Received Import Request.
  Time since last request: 72.445919 seconds.
  path: Assets/Scripts/SFX
  artifactKey: Guid(f0e87eb067500d449af8ee28c38ee2aa) Importer(815301076,1909f56bfc062723c751e8b465ee728b)
Start importing Assets/Scripts/SFX using Guid(f0e87eb067500d449af8ee28c38ee2aa) Importer(815301076,1909f56bfc062723c751e8b465ee728b)  -> (artifact id: 'f6d2e1fe8704781428bb7f68f9c3e53b') in 0.002087 seconds
  Import took 0.004705 seconds .

========================================================================
Received Import Request.
  Time since last request: 0.000814 seconds.
  path: Assets/Scripts/SFX
  artifactKey: Guid(f0e87eb067500d449af8ee28c38ee2aa) Importer(815301076,1909f56bfc062723c751e8b465ee728b)
Start importing Assets/Scripts/SFX using Guid(f0e87eb067500d449af8ee28c38ee2aa) Importer(815301076,1909f56bfc062723c751e8b465ee728b)  -> (artifact id: 'f6d2e1fe8704781428bb7f68f9c3e53b') in 0.002464 seconds
  Import took 0.005054 seconds .

========================================================================
Received Import Request.
  Time since last request: 1.363394 seconds.
  path: Assets/Scripts/SFX/AudioGroup.cs
  artifactKey: Guid(732d05c24241859498970cc09b09174f) Importer(815301076,1909f56bfc062723c751e8b465ee728b)
Start importing Assets/Scripts/SFX/AudioGroup.cs using Guid(732d05c24241859498970cc09b09174f) Importer(815301076,1909f56bfc062723c751e8b465ee728b)  -> (artifact id: 'cfe06e7483267fd2c27df7ea3ca1bd46') in 0.002176 seconds
  Import took 0.005176 seconds .

========================================================================
Received Import Request.
  Time since last request: 0.001967 seconds.
  path: Assets/Scripts/SFX/AudioGroup.cs
  artifactKey: Guid(732d05c24241859498970cc09b09174f) Importer(815301076,1909f56bfc062723c751e8b465ee728b)
Start importing Assets/Scripts/SFX/AudioGroup.cs using Guid(732d05c24241859498970cc09b09174f) Importer(815301076,1909f56bfc062723c751e8b465ee728b)  -> (artifact id: 'cfe06e7483267fd2c27df7ea3ca1bd46') in 0.002193 seconds
  Import took 0.004868 seconds .

========================================================================
Received Prepare
Registering precompiled user dll's ...
Registered in 0.001567 seconds.
Begin MonoManager ReloadAssembly
Native extension for WindowsStandalone target not found
Refreshing native plugins compatible for Editor in 0.30 ms, found 1 plugins.
Preloading 0 native plugins for Editor in 0.00 ms.
Invoked RoslynAnalysisRunner static constructor.
RoslynAnalysisRunner will not be running.
RoslynAnalysisRunner has terminated.
Mono: successfully reloaded assembly
- Completed reload, in  0.931 seconds
Platform modules already initialized, skipping
Refreshing native plugins compatible for Editor in 0.30 ms, found 1 plugins.
Preloading 0 native plugins for Editor in 0.00 ms.
Unloading 1732 Unused Serialized files (Serialized files now loaded: 0)
System memory in use before: 87.1 MB.
System memory in use after: 87.2 MB.

Unloading 9 unused Assets to reduce memory usage. Loaded Objects now: 2225.
Total: 2.190200 ms (FindLiveObjects: 0.290300 ms CreateObjectMapping: 0.054300 ms MarkObjects: 1.827300 ms  DeleteObjects: 0.017200 ms)

========================================================================
Received Import Request.
  Time since last request: 27.852579 seconds.
  path: Assets/Scripts/SFX/BGMPlayer.cs
  artifactKey: Guid(0414c7ef3809ff046bd5df483265cf10) Importer(815301076,1909f56bfc062723c751e8b465ee728b)
Start importing Assets/Scripts/SFX/BGMPlayer.cs using Guid(0414c7ef3809ff046bd5df483265cf10) Importer(815301076,1909f56bfc062723c751e8b465ee728b)  -> (artifact id: '505733967edb56d0c9735dbae6015e98') in 0.007006 seconds
  Import took 0.009526 seconds .

========================================================================
Received Import Request.
  Time since last request: 0.029681 seconds.
  path: Assets/Scripts/SFX/BGMPlayer.cs
  artifactKey: Guid(0414c7ef3809ff046bd5df483265cf10) Importer(815301076,1909f56bfc062723c751e8b465ee728b)
Start importing Assets/Scripts/SFX/BGMPlayer.cs using Guid(0414c7ef3809ff046bd5df483265cf10) Importer(815301076,1909f56bfc062723c751e8b465ee728b)  -> (artifact id: '505733967edb56d0c9735dbae6015e98') in 0.002171 seconds
  Import took 0.004824 seconds .

========================================================================
Received Import Request.
  Time since last request: 12.625928 seconds.
  path: Assets/Scripts/Player/PlayerViewer.cs
  artifactKey: Guid(1ef2b5908b17a244a9360ff270c00ddf) Importer(815301076,1909f56bfc062723c751e8b465ee728b)
Start importing Assets/Scripts/Player/PlayerViewer.cs using Guid(1ef2b5908b17a244a9360ff270c00ddf) Importer(815301076,1909f56bfc062723c751e8b465ee728b)  -> (artifact id: 'ff456c688d2be40d6f9fbcbd92327f8c') in 0.002417 seconds
  Import took 0.005128 seconds .

========================================================================
Received Import Request.
  Time since last request: 0.002104 seconds.
  path: Assets/Scripts/Player/PlayerViewer.cs
  artifactKey: Guid(1ef2b5908b17a244a9360ff270c00ddf) Importer(815301076,1909f56bfc062723c751e8b465ee728b)
Start importing Assets/Scripts/Player/PlayerViewer.cs using Guid(1ef2b5908b17a244a9360ff270c00ddf) Importer(815301076,1909f56bfc062723c751e8b465ee728b)  -> (artifact id: 'ff456c688d2be40d6f9fbcbd92327f8c') in 0.002271 seconds
  Import took 0.004831 seconds .

========================================================================
Received Import Request.
  Time since last request: 0.712178 seconds.
  path: Assets/Scripts/Player/PlayerController.cs
  artifactKey: Guid(182333eedc55bec4fbe81f50fff3a2c8) Importer(815301076,1909f56bfc062723c751e8b465ee728b)
Start importing Assets/Scripts/Player/PlayerController.cs using Guid(182333eedc55bec4fbe81f50fff3a2c8) Importer(815301076,1909f56bfc062723c751e8b465ee728b)  -> (artifact id: 'ca28c00389c01916aa904d4cef565e92') in 0.004774 seconds
  Import took 0.007326 seconds .

========================================================================
Received Import Request.
  Time since last request: 1.544349 seconds.
  path: Assets/Scripts/Player/PlayerActor.cs
  artifactKey: Guid(79d0333d807aab3478030e4cdc47fab7) Importer(815301076,1909f56bfc062723c751e8b465ee728b)
Start importing Assets/Scripts/Player/PlayerActor.cs using Guid(79d0333d807aab3478030e4cdc47fab7) Importer(815301076,1909f56bfc062723c751e8b465ee728b)  -> (artifact id: '18849fd8ef29c64f226b97f024701b3f') in 0.002340 seconds
  Import took 0.005067 seconds .

========================================================================
Received Import Request.
  Time since last request: 0.001120 seconds.
  path: Assets/Scripts/Player/PlayerActor.cs
  artifactKey: Guid(79d0333d807aab3478030e4cdc47fab7) Importer(815301076,1909f56bfc062723c751e8b465ee728b)
Start importing Assets/Scripts/Player/PlayerActor.cs using Guid(79d0333d807aab3478030e4cdc47fab7) Importer(815301076,1909f56bfc062723c751e8b465ee728b)  -> (artifact id: '18849fd8ef29c64f226b97f024701b3f') in 0.002078 seconds
  Import took 0.004556 seconds .

========================================================================
Received Import Request.
  Time since last request: 7.814291 seconds.
  path: Assets/Resources/DOTweenSettings.asset
  artifactKey: Guid(b737e25d558abeb4294791f3fb4df5df) Importer(815301076,1909f56bfc062723c751e8b465ee728b)
Start importing Assets/Resources/DOTweenSettings.asset using Guid(b737e25d558abeb4294791f3fb4df5df) Importer(815301076,1909f56bfc062723c751e8b465ee728b)  -> (artifact id: 'f0529f25dca04b14ddf02a7068834864') in 0.021797 seconds
  Import took 0.024740 seconds .

========================================================================
Received Prepare
Registering precompiled user dll's ...
Registered in 0.001537 seconds.
Begin MonoManager ReloadAssembly
Native extension for WindowsStandalone target not found
Refreshing native plugins compatible for Editor in 0.31 ms, found 1 plugins.
Preloading 0 native plugins for Editor in 0.00 ms.
Invoked RoslynAnalysisRunner static constructor.
RoslynAnalysisRunner will not be running.
RoslynAnalysisRunner has terminated.
Mono: successfully reloaded assembly
- Completed reload, in  0.945 seconds
Platform modules already initialized, skipping
Refreshing native plugins compatible for Editor in 0.32 ms, found 1 plugins.
Preloading 0 native plugins for Editor in 0.00 ms.
Unloading 1732 Unused Serialized files (Serialized files now loaded: 0)
System memory in use before: 87.2 MB.
System memory in use after: 87.3 MB.

Unloading 9 unused Assets to reduce memory usage. Loaded Objects now: 2229.
Total: 1.688100 ms (FindLiveObjects: 0.151100 ms CreateObjectMapping: 0.055100 ms MarkObjects: 1.466200 ms  DeleteObjects: 0.015000 ms)

========================================================================
Received Prepare
Registering precompiled user dll's ...
Registered in 0.001621 seconds.
Begin MonoManager ReloadAssembly
Native extension for WindowsStandalone target not found
Refreshing native plugins compatible for Editor in 0.30 ms, found 1 plugins.
Preloading 0 native plugins for Editor in 0.00 ms.
Invoked RoslynAnalysisRunner static constructor.
RoslynAnalysisRunner will not be running.
RoslynAnalysisRunner has terminated.
Mono: successfully reloaded assembly
- Completed reload, in  0.933 seconds
Platform modules already initialized, skipping
Refreshing native plugins compatible for Editor in 0.35 ms, found 1 plugins.
Preloading 0 native plugins for Editor in 0.00 ms.
Unloading 1732 Unused Serialized files (Serialized files now loaded: 0)
System memory in use before: 87.2 MB.
System memory in use after: 87.3 MB.

Unloading 9 unused Assets to reduce memory usage. Loaded Objects now: 2233.
Total: 2.149600 ms (FindLiveObjects: 0.217100 ms CreateObjectMapping: 0.156500 ms MarkObjects: 1.757800 ms  DeleteObjects: 0.017100 ms)

========================================================================
Received Prepare
Registering precompiled user dll's ...
Registered in 0.001524 seconds.
Begin MonoManager ReloadAssembly
Native extension for WindowsStandalone target not found
Refreshing native plugins compatible for Editor in 0.30 ms, found 1 plugins.
Preloading 0 native plugins for Editor in 0.00 ms.
Invoked RoslynAnalysisRunner static constructor.
RoslynAnalysisRunner will not be running.
RoslynAnalysisRunner has terminated.
Mono: successfully reloaded assembly
- Completed reload, in  0.925 seconds
Platform modules already initialized, skipping
Refreshing native plugins compatible for Editor in 0.31 ms, found 1 plugins.
Preloading 0 native plugins for Editor in 0.00 ms.
Unloading 1732 Unused Serialized files (Serialized files now loaded: 0)
System memory in use before: 87.2 MB.
System memory in use after: 87.3 MB.

Unloading 9 unused Assets to reduce memory usage. Loaded Objects now: 2237.
Total: 1.687700 ms (FindLiveObjects: 0.143600 ms CreateObjectMapping: 0.050900 ms MarkObjects: 1.477200 ms  DeleteObjects: 0.015100 ms)

========================================================================
Received Prepare
Registering precompiled user dll's ...
Registered in 0.001516 seconds.
Begin MonoManager ReloadAssembly
Native extension for WindowsStandalone target not found
Refreshing native plugins compatible for Editor in 0.32 ms, found 1 plugins.
Preloading 0 native plugins for Editor in 0.00 ms.
Invoked RoslynAnalysisRunner static constructor.
RoslynAnalysisRunner will not be running.
RoslynAnalysisRunner has terminated.
Mono: successfully reloaded assembly
- Completed reload, in  0.918 seconds
Platform modules already initialized, skipping
Refreshing native plugins compatible for Editor in 0.30 ms, found 1 plugins.
Preloading 0 native plugins for Editor in 0.00 ms.
Unloading 1732 Unused Serialized files (Serialized files now loaded: 0)
System memory in use before: 87.2 MB.
System memory in use after: 87.3 MB.

Unloading 9 unused Assets to reduce memory usage. Loaded Objects now: 2241.
Total: 1.705800 ms (FindLiveObjects: 0.151600 ms CreateObjectMapping: 0.055700 ms MarkObjects: 1.483000 ms  DeleteObjects: 0.014300 ms)

========================================================================
Received Prepare
Registering precompiled user dll's ...
Registered in 0.001479 seconds.
Begin MonoManager ReloadAssembly
Native extension for WindowsStandalone target not found
Refreshing native plugins compatible for Editor in 0.30 ms, found 1 plugins.
Preloading 0 native plugins for Editor in 0.00 ms.
Invoked RoslynAnalysisRunner static constructor.
RoslynAnalysisRunner will not be running.
RoslynAnalysisRunner has terminated.
Mono: successfully reloaded assembly
- Completed reload, in  0.930 seconds
Platform modules already initialized, skipping
Refreshing native plugins compatible for Editor in 0.30 ms, found 1 plugins.
Preloading 0 native plugins for Editor in 0.00 ms.
Unloading 1732 Unused Serialized files (Serialized files now loaded: 0)
System memory in use before: 87.2 MB.
System memory in use after: 87.3 MB.

Unloading 9 unused Assets to reduce memory usage. Loaded Objects now: 2245.
Total: 1.692400 ms (FindLiveObjects: 0.153100 ms CreateObjectMapping: 0.059700 ms MarkObjects: 1.464400 ms  DeleteObjects: 0.014600 ms)

========================================================================
Received Prepare
Registering precompiled user dll's ...
Registered in 0.001528 seconds.
Begin MonoManager ReloadAssembly
Native extension for WindowsStandalone target not found
Refreshing native plugins compatible for Editor in 0.30 ms, found 1 plugins.
Preloading 0 native plugins for Editor in 0.00 ms.
Invoked RoslynAnalysisRunner static constructor.
RoslynAnalysisRunner will not be running.
RoslynAnalysisRunner has terminated.
Mono: successfully reloaded assembly
- Completed reload, in  0.912 seconds
Platform modules already initialized, skipping
Refreshing native plugins compatible for Editor in 0.30 ms, found 1 plugins.
Preloading 0 native plugins for Editor in 0.00 ms.
Unloading 1732 Unused Serialized files (Serialized files now loaded: 0)
System memory in use before: 87.2 MB.
System memory in use after: 87.3 MB.

Unloading 9 unused Assets to reduce memory usage. Loaded Objects now: 2249.
Total: 1.769300 ms (FindLiveObjects: 0.152500 ms CreateObjectMapping: 0.056500 ms MarkObjects: 1.541500 ms  DeleteObjects: 0.017900 ms)

========================================================================
Received Prepare
Registering precompiled user dll's ...
Registered in 0.001510 seconds.
Begin MonoManager ReloadAssembly
Native extension for WindowsStandalone target not found
Refreshing native plugins compatible for Editor in 0.31 ms, found 1 plugins.
Preloading 0 native plugins for Editor in 0.00 ms.
Invoked RoslynAnalysisRunner static constructor.
RoslynAnalysisRunner will not be running.
RoslynAnalysisRunner has terminated.
Mono: successfully reloaded assembly
- Completed reload, in  0.913 seconds
Platform modules already initialized, skipping
Refreshing native plugins compatible for Editor in 0.30 ms, found 1 plugins.
Preloading 0 native plugins for Editor in 0.00 ms.
Unloading 1732 Unused Serialized files (Serialized files now loaded: 0)
System memory in use before: 87.2 MB.
System memory in use after: 87.4 MB.

Unloading 9 unused Assets to reduce memory usage. Loaded Objects now: 2253.
Total: 1.858900 ms (FindLiveObjects: 0.203800 ms CreateObjectMapping: 0.051400 ms MarkObjects: 1.589100 ms  DeleteObjects: 0.013500 ms)

========================================================================
Received Prepare
Registering precompiled user dll's ...
Registered in 0.001491 seconds.
Begin MonoManager ReloadAssembly
Native extension for WindowsStandalone target not found
Refreshing native plugins compatible for Editor in 0.29 ms, found 1 plugins.
Preloading 0 native plugins for Editor in 0.00 ms.
Invoked RoslynAnalysisRunner static constructor.
RoslynAnalysisRunner will not be running.
RoslynAnalysisRunner has terminated.
Mono: successfully reloaded assembly
- Completed reload, in  0.926 seconds
Platform modules already initialized, skipping
Refreshing native plugins compatible for Editor in 0.30 ms, found 1 plugins.
Preloading 0 native plugins for Editor in 0.00 ms.
Unloading 1732 Unused Serialized files (Serialized files now loaded: 0)
System memory in use before: 87.3 MB.
System memory in use after: 87.4 MB.

Unloading 9 unused Assets to reduce memory usage. Loaded Objects now: 2257.
Total: 1.833000 ms (FindLiveObjects: 0.162300 ms CreateObjectMapping: 0.060400 ms MarkObjects: 1.595300 ms  DeleteObjects: 0.014200 ms)

========================================================================
Received Prepare
Registering precompiled user dll's ...
Registered in 0.001491 seconds.
Begin MonoManager ReloadAssembly
Native extension for WindowsStandalone target not found
Refreshing native plugins compatible for Editor in 0.30 ms, found 1 plugins.
Preloading 0 native plugins for Editor in 0.00 ms.
Invoked RoslynAnalysisRunner static constructor.
RoslynAnalysisRunner will not be running.
RoslynAnalysisRunner has terminated.
Mono: successfully reloaded assembly
- Completed reload, in  1.019 seconds
Platform modules already initialized, skipping
Refreshing native plugins compatible for Editor in 0.45 ms, found 1 plugins.
Preloading 0 native plugins for Editor in 0.00 ms.
Unloading 1732 Unused Serialized files (Serialized files now loaded: 0)
System memory in use before: 87.3 MB.
System memory in use after: 87.4 MB.

Unloading 9 unused Assets to reduce memory usage. Loaded Objects now: 2261.
Total: 1.615900 ms (FindLiveObjects: 0.164000 ms CreateObjectMapping: 0.059500 ms MarkObjects: 1.377300 ms  DeleteObjects: 0.014200 ms)

========================================================================
Received Prepare
Registering precompiled user dll's ...
Registered in 0.001530 seconds.
Begin MonoManager ReloadAssembly
Native extension for WindowsStandalone target not found
Refreshing native plugins compatible for Editor in 0.30 ms, found 1 plugins.
Preloading 0 native plugins for Editor in 0.00 ms.
Invoked RoslynAnalysisRunner static constructor.
RoslynAnalysisRunner will not be running.
RoslynAnalysisRunner has terminated.
Mono: successfully reloaded assembly
- Completed reload, in  0.912 seconds
Platform modules already initialized, skipping
Refreshing native plugins compatible for Editor in 0.30 ms, found 1 plugins.
Preloading 0 native plugins for Editor in 0.00 ms.
Unloading 1732 Unused Serialized files (Serialized files now loaded: 0)
System memory in use before: 87.3 MB.
System memory in use after: 87.4 MB.

Unloading 9 unused Assets to reduce memory usage. Loaded Objects now: 2265.
Total: 1.792400 ms (FindLiveObjects: 0.191000 ms CreateObjectMapping: 0.053000 ms MarkObjects: 1.533800 ms  DeleteObjects: 0.013800 ms)

========================================================================
Received Prepare
Registering precompiled user dll's ...
Registered in 0.001523 seconds.
Begin MonoManager ReloadAssembly
Native extension for WindowsStandalone target not found
Refreshing native plugins compatible for Editor in 0.30 ms, found 1 plugins.
Preloading 0 native plugins for Editor in 0.00 ms.
Invoked RoslynAnalysisRunner static constructor.
RoslynAnalysisRunner will not be running.
RoslynAnalysisRunner has terminated.
Mono: successfully reloaded assembly
- Completed reload, in  0.892 seconds
Platform modules already initialized, skipping
Refreshing native plugins compatible for Editor in 0.31 ms, found 1 plugins.
Preloading 0 native plugins for Editor in 0.00 ms.
Unloading 1732 Unused Serialized files (Serialized files now loaded: 0)
System memory in use before: 87.3 MB.
System memory in use after: 87.4 MB.

Unloading 9 unused Assets to reduce memory usage. Loaded Objects now: 2269.
Total: 1.934800 ms (FindLiveObjects: 0.234200 ms CreateObjectMapping: 0.162800 ms MarkObjects: 1.506300 ms  DeleteObjects: 0.017000 ms)

========================================================================
Received Prepare
Registering precompiled user dll's ...
Registered in 0.001550 seconds.
Begin MonoManager ReloadAssembly
Native extension for WindowsStandalone target not found
Refreshing native plugins compatible for Editor in 0.37 ms, found 1 plugins.
Preloading 0 native plugins for Editor in 0.00 ms.
Invoked RoslynAnalysisRunner static constructor.
RoslynAnalysisRunner will not be running.
RoslynAnalysisRunner has terminated.
Mono: successfully reloaded assembly
- Completed reload, in  0.893 seconds
Platform modules already initialized, skipping
Refreshing native plugins compatible for Editor in 0.30 ms, found 1 plugins.
Preloading 0 native plugins for Editor in 0.00 ms.
Unloading 1732 Unused Serialized files (Serialized files now loaded: 0)
System memory in use before: 87.3 MB.
System memory in use after: 87.4 MB.

Unloading 9 unused Assets to reduce memory usage. Loaded Objects now: 2273.
Total: 1.777600 ms (FindLiveObjects: 0.151700 ms CreateObjectMapping: 0.053300 ms MarkObjects: 1.556200 ms  DeleteObjects: 0.015700 ms)

========================================================================
Received Prepare
Registering precompiled user dll's ...
Registered in 0.001454 seconds.
Begin MonoManager ReloadAssembly
Native extension for WindowsStandalone target not found
Refreshing native plugins compatible for Editor in 0.35 ms, found 1 plugins.
Preloading 0 native plugins for Editor in 0.00 ms.
Invoked RoslynAnalysisRunner static constructor.
RoslynAnalysisRunner will not be running.
RoslynAnalysisRunner has terminated.
Mono: successfully reloaded assembly
- Completed reload, in  0.888 seconds
Platform modules already initialized, skipping
Refreshing native plugins compatible for Editor in 0.30 ms, found 1 plugins.
Preloading 0 native plugins for Editor in 0.00 ms.
Unloading 1732 Unused Serialized files (Serialized files now loaded: 0)
System memory in use before: 87.3 MB.
System memory in use after: 87.4 MB.

Unloading 9 unused Assets to reduce memory usage. Loaded Objects now: 2277.
Total: 2.026400 ms (FindLiveObjects: 0.153200 ms CreateObjectMapping: 0.055100 ms MarkObjects: 1.803400 ms  DeleteObjects: 0.013900 ms)

========================================================================
Received Prepare
Registering precompiled user dll's ...
Registered in 0.001547 seconds.
Begin MonoManager ReloadAssembly
Native extension for WindowsStandalone target not found
Refreshing native plugins compatible for Editor in 0.30 ms, found 1 plugins.
Preloading 0 native plugins for Editor in 0.00 ms.
Invoked RoslynAnalysisRunner static constructor.
RoslynAnalysisRunner will not be running.
RoslynAnalysisRunner has terminated.
Mono: successfully reloaded assembly
- Completed reload, in  0.907 seconds
Platform modules already initialized, skipping
Refreshing native plugins compatible for Editor in 0.30 ms, found 1 plugins.
Preloading 0 native plugins for Editor in 0.00 ms.
Unloading 1732 Unused Serialized files (Serialized files now loaded: 0)
System memory in use before: 87.3 MB.
System memory in use after: 87.4 MB.

Unloading 9 unused Assets to reduce memory usage. Loaded Objects now: 2281.
Total: 1.808300 ms (FindLiveObjects: 0.247300 ms CreateObjectMapping: 0.060100 ms MarkObjects: 1.485500 ms  DeleteObjects: 0.014600 ms)

========================================================================
Received Prepare
Registering precompiled user dll's ...
Registered in 0.001579 seconds.
Begin MonoManager ReloadAssembly
Native extension for WindowsStandalone target not found
Refreshing native plugins compatible for Editor in 0.30 ms, found 1 plugins.
Preloading 0 native plugins for Editor in 0.00 ms.
Invoked RoslynAnalysisRunner static constructor.
RoslynAnalysisRunner will not be running.
RoslynAnalysisRunner has terminated.
Mono: successfully reloaded assembly
- Completed reload, in  0.988 seconds
Platform modules already initialized, skipping
Refreshing native plugins compatible for Editor in 0.32 ms, found 1 plugins.
Preloading 0 native plugins for Editor in 0.00 ms.
Unloading 1732 Unused Serialized files (Serialized files now loaded: 0)
System memory in use before: 87.3 MB.
System memory in use after: 87.4 MB.

Unloading 9 unused Assets to reduce memory usage. Loaded Objects now: 2285.
Total: 2.091400 ms (FindLiveObjects: 0.171500 ms CreateObjectMapping: 0.066300 ms MarkObjects: 1.829000 ms  DeleteObjects: 0.023700 ms)

========================================================================
Received Prepare
Registering precompiled user dll's ...
Registered in 0.001464 seconds.
Begin MonoManager ReloadAssembly
Native extension for WindowsStandalone target not found
Refreshing native plugins compatible for Editor in 0.66 ms, found 1 plugins.
Preloading 0 native plugins for Editor in 0.00 ms.
Invoked RoslynAnalysisRunner static constructor.
RoslynAnalysisRunner will not be running.
RoslynAnalysisRunner has terminated.
Mono: successfully reloaded assembly
- Completed reload, in  0.887 seconds
Platform modules already initialized, skipping
Refreshing native plugins compatible for Editor in 0.30 ms, found 1 plugins.
Preloading 0 native plugins for Editor in 0.00 ms.
Unloading 1732 Unused Serialized files (Serialized files now loaded: 0)
System memory in use before: 87.3 MB.
System memory in use after: 87.4 MB.

Unloading 9 unused Assets to reduce memory usage. Loaded Objects now: 2289.
Total: 1.724100 ms (FindLiveObjects: 0.149700 ms CreateObjectMapping: 0.051300 ms MarkObjects: 1.508200 ms  DeleteObjects: 0.013900 ms)

========================================================================
Received Prepare
Registering precompiled user dll's ...
Registered in 0.001534 seconds.
Begin MonoManager ReloadAssembly
Native extension for WindowsStandalone target not found
Refreshing native plugins compatible for Editor in 0.30 ms, found 1 plugins.
Preloading 0 native plugins for Editor in 0.00 ms.
Invoked RoslynAnalysisRunner static constructor.
RoslynAnalysisRunner will not be running.
RoslynAnalysisRunner has terminated.
Mono: successfully reloaded assembly
- Completed reload, in  0.904 seconds
Platform modules already initialized, skipping
Refreshing native plugins compatible for Editor in 0.30 ms, found 1 plugins.
Preloading 0 native plugins for Editor in 0.00 ms.
Unloading 1732 Unused Serialized files (Serialized files now loaded: 0)
System memory in use before: 87.3 MB.
System memory in use after: 87.4 MB.

Unloading 9 unused Assets to reduce memory usage. Loaded Objects now: 2293.
Total: 2.165800 ms (FindLiveObjects: 0.188800 ms CreateObjectMapping: 0.060100 ms MarkObjects: 1.901500 ms  DeleteObjects: 0.014700 ms)

========================================================================
Received Prepare
Registering precompiled user dll's ...
Registered in 0.001530 seconds.
Begin MonoManager ReloadAssembly
Native extension for WindowsStandalone target not found
Refreshing native plugins compatible for Editor in 0.33 ms, found 1 plugins.
Preloading 0 native plugins for Editor in 0.00 ms.
Invoked RoslynAnalysisRunner static constructor.
RoslynAnalysisRunner will not be running.
RoslynAnalysisRunner has terminated.
Mono: successfully reloaded assembly
- Completed reload, in  1.036 seconds
Platform modules already initialized, skipping
Refreshing native plugins compatible for Editor in 0.30 ms, found 1 plugins.
Preloading 0 native plugins for Editor in 0.00 ms.
Unloading 1732 Unused Serialized files (Serialized files now loaded: 0)
System memory in use before: 87.3 MB.
System memory in use after: 87.4 MB.

Unloading 9 unused Assets to reduce memory usage. Loaded Objects now: 2297.
Total: 1.903600 ms (FindLiveObjects: 0.141600 ms CreateObjectMapping: 0.051500 ms MarkObjects: 1.695700 ms  DeleteObjects: 0.014000 ms)

========================================================================
Received Prepare
Registering precompiled user dll's ...
Registered in 0.001526 seconds.
Begin MonoManager ReloadAssembly
Native extension for WindowsStandalone target not found
Refreshing native plugins compatible for Editor in 0.30 ms, found 1 plugins.
Preloading 0 native plugins for Editor in 0.00 ms.
Invoked RoslynAnalysisRunner static constructor.
RoslynAnalysisRunner will not be running.
RoslynAnalysisRunner has terminated.
Mono: successfully reloaded assembly
- Completed reload, in  0.890 seconds
Platform modules already initialized, skipping
Refreshing native plugins compatible for Editor in 0.33 ms, found 1 plugins.
Preloading 0 native plugins for Editor in 0.00 ms.
Unloading 1732 Unused Serialized files (Serialized files now loaded: 0)
System memory in use before: 87.3 MB.
System memory in use after: 87.5 MB.

Unloading 9 unused Assets to reduce memory usage. Loaded Objects now: 2301.
Total: 1.629400 ms (FindLiveObjects: 0.167900 ms CreateObjectMapping: 0.063100 ms MarkObjects: 1.378100 ms  DeleteObjects: 0.019500 ms)

========================================================================
Received Import Request.
  Time since last request: 1380.977928 seconds.
  path: Assets/Sounds/SFX/SFX_-_Step_1.mp3
  artifactKey: Guid(6afecaddee1bb08459d1653cd9481127) Importer(815301076,1909f56bfc062723c751e8b465ee728b)
Start importing Assets/Sounds/SFX/SFX_-_Step_1.mp3 using Guid(6afecaddee1bb08459d1653cd9481127) Importer(815301076,1909f56bfc062723c751e8b465ee728b)  -> (artifact id: '3bc3b9074701cde06cdec0b086442790') in 0.042496 seconds
  Import took 0.045223 seconds .

========================================================================
Received Prepare
Registering precompiled user dll's ...
Registered in 0.001543 seconds.
Begin MonoManager ReloadAssembly
Native extension for WindowsStandalone target not found
Refreshing native plugins compatible for Editor in 0.29 ms, found 1 plugins.
Preloading 0 native plugins for Editor in 0.00 ms.
Invoked RoslynAnalysisRunner static constructor.
RoslynAnalysisRunner will not be running.
RoslynAnalysisRunner has terminated.
Mono: successfully reloaded assembly
- Completed reload, in  0.894 seconds
Platform modules already initialized, skipping
Refreshing native plugins compatible for Editor in 0.30 ms, found 1 plugins.
Preloading 0 native plugins for Editor in 0.00 ms.
Unloading 1732 Unused Serialized files (Serialized files now loaded: 0)
System memory in use before: 87.4 MB.
System memory in use after: 87.5 MB.

Unloading 9 unused Assets to reduce memory usage. Loaded Objects now: 2306.
Total: 1.672900 ms (FindLiveObjects: 0.162100 ms CreateObjectMapping: 0.058600 ms MarkObjects: 1.437200 ms  DeleteObjects: 0.014100 ms)

========================================================================
Received Prepare
Registering precompiled user dll's ...
Registered in 0.001552 seconds.
Begin MonoManager ReloadAssembly
Native extension for WindowsStandalone target not found
Refreshing native plugins compatible for Editor in 0.31 ms, found 1 plugins.
Preloading 0 native plugins for Editor in 0.00 ms.
Invoked RoslynAnalysisRunner static constructor.
RoslynAnalysisRunner will not be running.
RoslynAnalysisRunner has terminated.
Mono: successfully reloaded assembly
- Completed reload, in  0.917 seconds
Platform modules already initialized, skipping
Refreshing native plugins compatible for Editor in 0.31 ms, found 1 plugins.
Preloading 0 native plugins for Editor in 0.00 ms.
Unloading 1732 Unused Serialized files (Serialized files now loaded: 0)
System memory in use before: 87.4 MB.
System memory in use after: 87.5 MB.

Unloading 9 unused Assets to reduce memory usage. Loaded Objects now: 2310.
Total: 1.689800 ms (FindLiveObjects: 0.180800 ms CreateObjectMapping: 0.061300 ms MarkObjects: 1.430900 ms  DeleteObjects: 0.015800 ms)

========================================================================
Received Prepare
Registering precompiled user dll's ...
Registered in 0.001468 seconds.
Begin MonoManager ReloadAssembly
Native extension for WindowsStandalone target not found
Refreshing native plugins compatible for Editor in 0.31 ms, found 1 plugins.
Preloading 0 native plugins for Editor in 0.00 ms.
Invoked RoslynAnalysisRunner static constructor.
RoslynAnalysisRunner will not be running.
RoslynAnalysisRunner has terminated.
Mono: successfully reloaded assembly
- Completed reload, in  0.899 seconds
Platform modules already initialized, skipping
Refreshing native plugins compatible for Editor in 0.30 ms, found 1 plugins.
Preloading 0 native plugins for Editor in 0.00 ms.
Unloading 1732 Unused Serialized files (Serialized files now loaded: 0)
System memory in use before: 87.4 MB.
System memory in use after: 87.5 MB.

Unloading 9 unused Assets to reduce memory usage. Loaded Objects now: 2314.
Total: 1.754100 ms (FindLiveObjects: 0.207900 ms CreateObjectMapping: 0.054500 ms MarkObjects: 1.477400 ms  DeleteObjects: 0.013400 ms)

========================================================================
Received Prepare
Registering precompiled user dll's ...
Registered in 0.001513 seconds.
Begin MonoManager ReloadAssembly
Native extension for WindowsStandalone target not found
Refreshing native plugins compatible for Editor in 0.30 ms, found 1 plugins.
Preloading 0 native plugins for Editor in 0.00 ms.
Invoked RoslynAnalysisRunner static constructor.
RoslynAnalysisRunner will not be running.
RoslynAnalysisRunner has terminated.
Mono: successfully reloaded assembly
- Completed reload, in  0.909 seconds
Platform modules already initialized, skipping
Refreshing native plugins compatible for Editor in 0.30 ms, found 1 plugins.
Preloading 0 native plugins for Editor in 0.00 ms.
Unloading 1732 Unused Serialized files (Serialized files now loaded: 0)
System memory in use before: 87.4 MB.
System memory in use after: 87.5 MB.

Unloading 9 unused Assets to reduce memory usage. Loaded Objects now: 2318.
Total: 1.757200 ms (FindLiveObjects: 0.188700 ms CreateObjectMapping: 0.059300 ms MarkObjects: 1.494300 ms  DeleteObjects: 0.013900 ms)

========================================================================
Received Prepare
Registering precompiled user dll's ...
Registered in 0.001487 seconds.
Begin MonoManager ReloadAssembly
Native extension for WindowsStandalone target not found
Refreshing native plugins compatible for Editor in 0.31 ms, found 1 plugins.
Preloading 0 native plugins for Editor in 0.00 ms.
Invoked RoslynAnalysisRunner static constructor.
RoslynAnalysisRunner will not be running.
RoslynAnalysisRunner has terminated.
Mono: successfully reloaded assembly
- Completed reload, in  0.923 seconds
Platform modules already initialized, skipping
Refreshing native plugins compatible for Editor in 0.30 ms, found 1 plugins.
Preloading 0 native plugins for Editor in 0.00 ms.
Unloading 1732 Unused Serialized files (Serialized files now loaded: 0)
System memory in use before: 87.4 MB.
System memory in use after: 87.5 MB.

Unloading 9 unused Assets to reduce memory usage. Loaded Objects now: 2322.
Total: 1.622600 ms (FindLiveObjects: 0.146400 ms CreateObjectMapping: 0.050900 ms MarkObjects: 1.411200 ms  DeleteObjects: 0.013000 ms)

========================================================================
Received Prepare
Registering precompiled user dll's ...
Registered in 0.001440 seconds.
Begin MonoManager ReloadAssembly
Native extension for WindowsStandalone target not found
Refreshing native plugins compatible for Editor in 0.30 ms, found 1 plugins.
Preloading 0 native plugins for Editor in 0.00 ms.
Invoked RoslynAnalysisRunner static constructor.
RoslynAnalysisRunner will not be running.
RoslynAnalysisRunner has terminated.
Mono: successfully reloaded assembly
- Completed reload, in  0.905 seconds
Platform modules already initialized, skipping
Refreshing native plugins compatible for Editor in 0.30 ms, found 1 plugins.
Preloading 0 native plugins for Editor in 0.00 ms.
Unloading 1732 Unused Serialized files (Serialized files now loaded: 0)
System memory in use before: 87.4 MB.
System memory in use after: 87.5 MB.

Unloading 9 unused Assets to reduce memory usage. Loaded Objects now: 2326.
Total: 1.769200 ms (FindLiveObjects: 0.161800 ms CreateObjectMapping: 0.058600 ms MarkObjects: 1.530600 ms  DeleteObjects: 0.017300 ms)

========================================================================
Received Prepare
Registering precompiled user dll's ...
Registered in 0.001498 seconds.
Begin MonoManager ReloadAssembly
Native extension for WindowsStandalone target not found
Refreshing native plugins compatible for Editor in 0.31 ms, found 1 plugins.
Preloading 0 native plugins for Editor in 0.00 ms.
Invoked RoslynAnalysisRunner static constructor.
RoslynAnalysisRunner will not be running.
RoslynAnalysisRunner has terminated.
Mono: successfully reloaded assembly
- Completed reload, in  0.917 seconds
Platform modules already initialized, skipping
Refreshing native plugins compatible for Editor in 0.32 ms, found 1 plugins.
Preloading 0 native plugins for Editor in 0.00 ms.
Unloading 1732 Unused Serialized files (Serialized files now loaded: 0)
System memory in use before: 87.4 MB.
System memory in use after: 87.5 MB.

Unloading 9 unused Assets to reduce memory usage. Loaded Objects now: 2330.
Total: 1.686900 ms (FindLiveObjects: 0.142500 ms CreateObjectMapping: 0.049100 ms MarkObjects: 1.478600 ms  DeleteObjects: 0.015800 ms)

========================================================================
Received Import Request.
  Time since last request: 303.750478 seconds.
  path: Assets/Sounds/BGM
  artifactKey: Guid(159e729df9dbb5740a8d640db1f15ca8) Importer(815301076,1909f56bfc062723c751e8b465ee728b)
Start importing Assets/Sounds/BGM using Guid(159e729df9dbb5740a8d640db1f15ca8) Importer(815301076,1909f56bfc062723c751e8b465ee728b)  -> (artifact id: '8bfaea1fc0e6ca6eaa93f4e46505b581') in 0.006424 seconds
  Import took 0.009529 seconds .

========================================================================
Received Import Request.
  Time since last request: 0.062223 seconds.
  path: Assets/Sounds/BGM/Background_-_Idea_2.mp3
  artifactKey: Guid(cc9108e09095c184daaecb2ec0f6f0e2) Importer(815301076,1909f56bfc062723c751e8b465ee728b)
Start importing Assets/Sounds/BGM/Background_-_Idea_2.mp3 using Guid(cc9108e09095c184daaecb2ec0f6f0e2) Importer(815301076,1909f56bfc062723c751e8b465ee728b)  -> (artifact id: '19db5d1ee7050706bb8f1190643fe7f0') in 0.037416 seconds
  Import took 0.040080 seconds .

========================================================================
Received Prepare
Registering precompiled user dll's ...
Registered in 0.001496 seconds.
Begin MonoManager ReloadAssembly
Native extension for WindowsStandalone target not found
Refreshing native plugins compatible for Editor in 0.30 ms, found 1 plugins.
Preloading 0 native plugins for Editor in 0.00 ms.
Invoked RoslynAnalysisRunner static constructor.
RoslynAnalysisRunner will not be running.
RoslynAnalysisRunner has terminated.
Mono: successfully reloaded assembly
- Completed reload, in  0.919 seconds
Platform modules already initialized, skipping
Refreshing native plugins compatible for Editor in 0.30 ms, found 1 plugins.
Preloading 0 native plugins for Editor in 0.00 ms.
Unloading 1732 Unused Serialized files (Serialized files now loaded: 0)
System memory in use before: 87.4 MB.
System memory in use after: 87.5 MB.

Unloading 9 unused Assets to reduce memory usage. Loaded Objects now: 2335.
Total: 1.835400 ms (FindLiveObjects: 0.231000 ms CreateObjectMapping: 0.052700 ms MarkObjects: 1.537000 ms  DeleteObjects: 0.013800 ms)

========================================================================
Received Prepare
Registering precompiled user dll's ...
Registered in 0.001481 seconds.
Begin MonoManager ReloadAssembly
Native extension for WindowsStandalone target not found
Refreshing native plugins compatible for Editor in 0.30 ms, found 1 plugins.
Preloading 0 native plugins for Editor in 0.00 ms.
Invoked RoslynAnalysisRunner static constructor.
RoslynAnalysisRunner will not be running.
RoslynAnalysisRunner has terminated.
Mono: successfully reloaded assembly
- Completed reload, in  0.886 seconds
Platform modules already initialized, skipping
Refreshing native plugins compatible for Editor in 0.31 ms, found 1 plugins.
Preloading 0 native plugins for Editor in 0.00 ms.
Unloading 1732 Unused Serialized files (Serialized files now loaded: 0)
System memory in use before: 87.4 MB.
System memory in use after: 87.5 MB.

Unloading 9 unused Assets to reduce memory usage. Loaded Objects now: 2339.
Total: 1.698600 ms (FindLiveObjects: 0.160100 ms CreateObjectMapping: 0.054900 ms MarkObjects: 1.468800 ms  DeleteObjects: 0.013900 ms)

========================================================================
Received Prepare
Registering precompiled user dll's ...
Registered in 0.001636 seconds.
Begin MonoManager ReloadAssembly
Native extension for WindowsStandalone target not found
Refreshing native plugins compatible for Editor in 0.30 ms, found 1 plugins.
Preloading 0 native plugins for Editor in 0.00 ms.
Invoked RoslynAnalysisRunner static constructor.
RoslynAnalysisRunner will not be running.
RoslynAnalysisRunner has terminated.
Mono: successfully reloaded assembly
- Completed reload, in  0.900 seconds
Platform modules already initialized, skipping
Refreshing native plugins compatible for Editor in 0.30 ms, found 1 plugins.
Preloading 0 native plugins for Editor in 0.00 ms.
Unloading 1732 Unused Serialized files (Serialized files now loaded: 0)
System memory in use before: 87.4 MB.
System memory in use after: 87.6 MB.

Unloading 9 unused Assets to reduce memory usage. Loaded Objects now: 2343.
Total: 1.912600 ms (FindLiveObjects: 0.153500 ms CreateObjectMapping: 0.053000 ms MarkObjects: 1.687300 ms  DeleteObjects: 0.018000 ms)

========================================================================
Received Prepare
Registering precompiled user dll's ...
Registered in 0.001486 seconds.
Begin MonoManager ReloadAssembly
Native extension for WindowsStandalone target not found
Refreshing native plugins compatible for Editor in 0.31 ms, found 1 plugins.
Preloading 0 native plugins for Editor in 0.00 ms.
Invoked RoslynAnalysisRunner static constructor.
RoslynAnalysisRunner will not be running.
RoslynAnalysisRunner has terminated.
Mono: successfully reloaded assembly
- Completed reload, in  0.907 seconds
Platform modules already initialized, skipping
Refreshing native plugins compatible for Editor in 0.30 ms, found 1 plugins.
Preloading 0 native plugins for Editor in 0.00 ms.
Unloading 1732 Unused Serialized files (Serialized files now loaded: 0)
System memory in use before: 87.4 MB.
System memory in use after: 87.6 MB.

Unloading 9 unused Assets to reduce memory usage. Loaded Objects now: 2347.
Total: 1.747700 ms (FindLiveObjects: 0.176200 ms CreateObjectMapping: 0.062400 ms MarkObjects: 1.494400 ms  DeleteObjects: 0.013800 ms)

========================================================================
Received Prepare
Registering precompiled user dll's ...
Registered in 0.001478 seconds.
Begin MonoManager ReloadAssembly
Native extension for WindowsStandalone target not found
Refreshing native plugins compatible for Editor in 0.30 ms, found 1 plugins.
Preloading 0 native plugins for Editor in 0.00 ms.
Invoked RoslynAnalysisRunner static constructor.
RoslynAnalysisRunner will not be running.
RoslynAnalysisRunner has terminated.
Mono: successfully reloaded assembly
- Completed reload, in  1.025 seconds
Platform modules already initialized, skipping
Refreshing native plugins compatible for Editor in 0.30 ms, found 1 plugins.
Preloading 0 native plugins for Editor in 0.00 ms.
Unloading 1732 Unused Serialized files (Serialized files now loaded: 0)
System memory in use before: 87.5 MB.
System memory in use after: 87.6 MB.

Unloading 9 unused Assets to reduce memory usage. Loaded Objects now: 2351.
Total: 1.724100 ms (FindLiveObjects: 0.149200 ms CreateObjectMapping: 0.052500 ms MarkObjects: 1.502700 ms  DeleteObjects: 0.018700 ms)

========================================================================
Received Prepare
Registering precompiled user dll's ...
Registered in 0.001638 seconds.
Begin MonoManager ReloadAssembly
Native extension for WindowsStandalone target not found
Refreshing native plugins compatible for Editor in 0.30 ms, found 1 plugins.
Preloading 0 native plugins for Editor in 0.00 ms.
Invoked RoslynAnalysisRunner static constructor.
RoslynAnalysisRunner will not be running.
RoslynAnalysisRunner has terminated.
Mono: successfully reloaded assembly
- Completed reload, in  0.910 seconds
Platform modules already initialized, skipping
Refreshing native plugins compatible for Editor in 0.30 ms, found 1 plugins.
Preloading 0 native plugins for Editor in 0.00 ms.
Unloading 1732 Unused Serialized files (Serialized files now loaded: 0)
System memory in use before: 87.5 MB.
System memory in use after: 87.6 MB.

Unloading 9 unused Assets to reduce memory usage. Loaded Objects now: 2355.
Total: 1.797100 ms (FindLiveObjects: 0.182000 ms CreateObjectMapping: 0.065600 ms MarkObjects: 1.522500 ms  DeleteObjects: 0.026100 ms)

========================================================================
Received Prepare
Registering precompiled user dll's ...
Registered in 0.001485 seconds.
Begin MonoManager ReloadAssembly
Native extension for WindowsStandalone target not found
Refreshing native plugins compatible for Editor in 0.29 ms, found 1 plugins.
Preloading 0 native plugins for Editor in 0.00 ms.
Invoked RoslynAnalysisRunner static constructor.
RoslynAnalysisRunner will not be running.
RoslynAnalysisRunner has terminated.
Mono: successfully reloaded assembly
- Completed reload, in  0.891 seconds
Platform modules already initialized, skipping
Refreshing native plugins compatible for Editor in 0.30 ms, found 1 plugins.
Preloading 0 native plugins for Editor in 0.00 ms.
Unloading 1732 Unused Serialized files (Serialized files now loaded: 0)
System memory in use before: 87.5 MB.
System memory in use after: 87.6 MB.

Unloading 9 unused Assets to reduce memory usage. Loaded Objects now: 2359.
Total: 1.718000 ms (FindLiveObjects: 0.156300 ms CreateObjectMapping: 0.051500 ms MarkObjects: 1.475000 ms  DeleteObjects: 0.034500 ms)

========================================================================
Received Prepare
Registering precompiled user dll's ...
Registered in 0.001534 seconds.
Begin MonoManager ReloadAssembly
Native extension for WindowsStandalone target not found
Refreshing native plugins compatible for Editor in 0.30 ms, found 1 plugins.
Preloading 0 native plugins for Editor in 0.00 ms.
Invoked RoslynAnalysisRunner static constructor.
RoslynAnalysisRunner will not be running.
RoslynAnalysisRunner has terminated.
Mono: successfully reloaded assembly
- Completed reload, in  0.891 seconds
Platform modules already initialized, skipping
Refreshing native plugins compatible for Editor in 0.30 ms, found 1 plugins.
Preloading 0 native plugins for Editor in 0.00 ms.
Unloading 1732 Unused Serialized files (Serialized files now loaded: 0)
System memory in use before: 87.5 MB.
System memory in use after: 87.6 MB.

Unloading 9 unused Assets to reduce memory usage. Loaded Objects now: 2363.
Total: 1.771000 ms (FindLiveObjects: 0.156200 ms CreateObjectMapping: 0.055100 ms MarkObjects: 1.529800 ms  DeleteObjects: 0.029200 ms)

========================================================================
Received Prepare
Registering precompiled user dll's ...
Registered in 0.001519 seconds.
Begin MonoManager ReloadAssembly
Native extension for WindowsStandalone target not found
Refreshing native plugins compatible for Editor in 0.30 ms, found 1 plugins.
Preloading 0 native plugins for Editor in 0.00 ms.
Invoked RoslynAnalysisRunner static constructor.
RoslynAnalysisRunner will not be running.
RoslynAnalysisRunner has terminated.
Mono: successfully reloaded assembly
- Completed reload, in  0.910 seconds
Platform modules already initialized, skipping
Refreshing native plugins compatible for Editor in 0.31 ms, found 1 plugins.
Preloading 0 native plugins for Editor in 0.00 ms.
Unloading 1732 Unused Serialized files (Serialized files now loaded: 0)
System memory in use before: 87.5 MB.
System memory in use after: 87.6 MB.

Unloading 9 unused Assets to reduce memory usage. Loaded Objects now: 2367.
Total: 1.789500 ms (FindLiveObjects: 0.164700 ms CreateObjectMapping: 0.058100 ms MarkObjects: 1.550400 ms  DeleteObjects: 0.015600 ms)

========================================================================
Received Prepare
Registering precompiled user dll's ...
Registered in 0.001548 seconds.
Begin MonoManager ReloadAssembly
Native extension for WindowsStandalone target not found
Refreshing native plugins compatible for Editor in 0.30 ms, found 1 plugins.
Preloading 0 native plugins for Editor in 0.00 ms.
Invoked RoslynAnalysisRunner static constructor.
RoslynAnalysisRunner will not be running.
RoslynAnalysisRunner has terminated.
Mono: successfully reloaded assembly
- Completed reload, in  0.895 seconds
Platform modules already initialized, skipping
Refreshing native plugins compatible for Editor in 0.32 ms, found 1 plugins.
Preloading 0 native plugins for Editor in 0.00 ms.
Unloading 1732 Unused Serialized files (Serialized files now loaded: 0)
System memory in use before: 87.5 MB.
System memory in use after: 87.6 MB.

Unloading 9 unused Assets to reduce memory usage. Loaded Objects now: 2371.
Total: 1.703200 ms (FindLiveObjects: 0.150300 ms CreateObjectMapping: 0.053500 ms MarkObjects: 1.481600 ms  DeleteObjects: 0.017000 ms)

========================================================================
Received Prepare
Registering precompiled user dll's ...
Registered in 0.001508 seconds.
Begin MonoManager ReloadAssembly
Native extension for WindowsStandalone target not found
Refreshing native plugins compatible for Editor in 0.30 ms, found 1 plugins.
Preloading 0 native plugins for Editor in 0.00 ms.
Invoked RoslynAnalysisRunner static constructor.
RoslynAnalysisRunner will not be running.
RoslynAnalysisRunner has terminated.
Mono: successfully reloaded assembly
- Completed reload, in  0.898 seconds
Platform modules already initialized, skipping
Refreshing native plugins compatible for Editor in 0.30 ms, found 1 plugins.
Preloading 0 native plugins for Editor in 0.00 ms.
Unloading 1732 Unused Serialized files (Serialized files now loaded: 0)
System memory in use before: 87.5 MB.
System memory in use after: 87.6 MB.

Unloading 9 unused Assets to reduce memory usage. Loaded Objects now: 2375.
Total: 1.811700 ms (FindLiveObjects: 0.174900 ms CreateObjectMapping: 0.064200 ms MarkObjects: 1.556200 ms  DeleteObjects: 0.015700 ms)

========================================================================
Received Prepare
Registering precompiled user dll's ...
Registered in 0.001458 seconds.
Begin MonoManager ReloadAssembly
Native extension for WindowsStandalone target not found
Refreshing native plugins compatible for Editor in 0.30 ms, found 1 plugins.
Preloading 0 native plugins for Editor in 0.00 ms.
Invoked RoslynAnalysisRunner static constructor.
RoslynAnalysisRunner will not be running.
RoslynAnalysisRunner has terminated.
Mono: successfully reloaded assembly
- Completed reload, in  0.888 seconds
Platform modules already initialized, skipping
Refreshing native plugins compatible for Editor in 0.30 ms, found 1 plugins.
Preloading 0 native plugins for Editor in 0.00 ms.
Unloading 1732 Unused Serialized files (Serialized files now loaded: 0)
System memory in use before: 87.5 MB.
System memory in use after: 87.6 MB.

Unloading 9 unused Assets to reduce memory usage. Loaded Objects now: 2379.
Total: 1.676800 ms (FindLiveObjects: 0.154200 ms CreateObjectMapping: 0.054800 ms MarkObjects: 1.454000 ms  DeleteObjects: 0.013100 ms)

========================================================================
Received Prepare
Registering precompiled user dll's ...
Registered in 0.001514 seconds.
Begin MonoManager ReloadAssembly
Native extension for WindowsStandalone target not found
Refreshing native plugins compatible for Editor in 0.31 ms, found 1 plugins.
Preloading 0 native plugins for Editor in 0.00 ms.
Invoked RoslynAnalysisRunner static constructor.
RoslynAnalysisRunner will not be running.
RoslynAnalysisRunner has terminated.
Mono: successfully reloaded assembly
- Completed reload, in  0.906 seconds
Platform modules already initialized, skipping
Refreshing native plugins compatible for Editor in 0.31 ms, found 1 plugins.
Preloading 0 native plugins for Editor in 0.00 ms.
Unloading 1732 Unused Serialized files (Serialized files now loaded: 0)
System memory in use before: 87.5 MB.
System memory in use after: 87.6 MB.

Unloading 9 unused Assets to reduce memory usage. Loaded Objects now: 2383.
Total: 1.723800 ms (FindLiveObjects: 0.184900 ms CreateObjectMapping: 0.078300 ms MarkObjects: 1.443000 ms  DeleteObjects: 0.016100 ms)

========================================================================
Received Prepare
Registering precompiled user dll's ...
Registered in 0.001533 seconds.
Begin MonoManager ReloadAssembly
Native extension for WindowsStandalone target not found
Refreshing native plugins compatible for Editor in 0.30 ms, found 1 plugins.
Preloading 0 native plugins for Editor in 0.00 ms.
Invoked RoslynAnalysisRunner static constructor.
RoslynAnalysisRunner will not be running.
RoslynAnalysisRunner has terminated.
Mono: successfully reloaded assembly
- Completed reload, in  0.903 seconds
Platform modules already initialized, skipping
Refreshing native plugins compatible for Editor in 0.30 ms, found 1 plugins.
Preloading 0 native plugins for Editor in 0.00 ms.
Unloading 1732 Unused Serialized files (Serialized files now loaded: 0)
System memory in use before: 87.5 MB.
System memory in use after: 87.6 MB.

Unloading 9 unused Assets to reduce memory usage. Loaded Objects now: 2387.
Total: 1.733100 ms (FindLiveObjects: 0.187000 ms CreateObjectMapping: 0.065100 ms MarkObjects: 1.464800 ms  DeleteObjects: 0.015200 ms)

========================================================================
Received Prepare
Registering precompiled user dll's ...
Registered in 0.001490 seconds.
Begin MonoManager ReloadAssembly
Native extension for WindowsStandalone target not found
Refreshing native plugins compatible for Editor in 0.30 ms, found 1 plugins.
Preloading 0 native plugins for Editor in 0.00 ms.
Invoked RoslynAnalysisRunner static constructor.
RoslynAnalysisRunner will not be running.
RoslynAnalysisRunner has terminated.
Mono: successfully reloaded assembly
- Completed reload, in  0.892 seconds
Platform modules already initialized, skipping
Refreshing native plugins compatible for Editor in 0.30 ms, found 1 plugins.
Preloading 0 native plugins for Editor in 0.00 ms.
Unloading 1732 Unused Serialized files (Serialized files now loaded: 0)
System memory in use before: 87.5 MB.
System memory in use after: 87.7 MB.

Unloading 9 unused Assets to reduce memory usage. Loaded Objects now: 2391.
Total: 1.818100 ms (FindLiveObjects: 0.156700 ms CreateObjectMapping: 0.053400 ms MarkObjects: 1.588200 ms  DeleteObjects: 0.018900 ms)

========================================================================
Received Import Request.
  Time since last request: 460.252838 seconds.
  path: Assets/Sounds/BGM/Black_and_White_Game_Jam.mp3
  artifactKey: Guid(979bf9658c857d845a90aae6fdea4ba1) Importer(815301076,1909f56bfc062723c751e8b465ee728b)
Start importing Assets/Sounds/BGM/Black_and_White_Game_Jam.mp3 using Guid(979bf9658c857d845a90aae6fdea4ba1) Importer(815301076,1909f56bfc062723c751e8b465ee728b)  -> (artifact id: 'fa9f115f30c00e77f2dec90a618b5ddd') in 0.047657 seconds
  Import took 0.051381 seconds .

========================================================================
Received Prepare
Registering precompiled user dll's ...
Registered in 0.001497 seconds.
Begin MonoManager ReloadAssembly
Native extension for WindowsStandalone target not found
Refreshing native plugins compatible for Editor in 0.30 ms, found 1 plugins.
Preloading 0 native plugins for Editor in 0.00 ms.
Invoked RoslynAnalysisRunner static constructor.
RoslynAnalysisRunner will not be running.
RoslynAnalysisRunner has terminated.
Mono: successfully reloaded assembly
- Completed reload, in  0.884 seconds
Platform modules already initialized, skipping
Refreshing native plugins compatible for Editor in 0.30 ms, found 1 plugins.
Preloading 0 native plugins for Editor in 0.00 ms.
Unloading 1732 Unused Serialized files (Serialized files now loaded: 0)
System memory in use before: 87.5 MB.
System memory in use after: 87.7 MB.

Unloading 9 unused Assets to reduce memory usage. Loaded Objects now: 2396.
Total: 1.663000 ms (FindLiveObjects: 0.151600 ms CreateObjectMapping: 0.052900 ms MarkObjects: 1.444400 ms  DeleteObjects: 0.013600 ms)

========================================================================
Received Prepare
Registering precompiled user dll's ...
Registered in 0.001584 seconds.
Begin MonoManager ReloadAssembly
Native extension for WindowsStandalone target not found
Refreshing native plugins compatible for Editor in 0.32 ms, found 1 plugins.
Preloading 0 native plugins for Editor in 0.00 ms.
Invoked RoslynAnalysisRunner static constructor.
RoslynAnalysisRunner will not be running.
RoslynAnalysisRunner has terminated.
Mono: successfully reloaded assembly
- Completed reload, in  0.914 seconds
Platform modules already initialized, skipping
Refreshing native plugins compatible for Editor in 0.30 ms, found 1 plugins.
Preloading 0 native plugins for Editor in 0.00 ms.
Unloading 1732 Unused Serialized files (Serialized files now loaded: 0)
System memory in use before: 87.6 MB.
System memory in use after: 87.7 MB.

Unloading 9 unused Assets to reduce memory usage. Loaded Objects now: 2400.
Total: 1.796800 ms (FindLiveObjects: 0.225000 ms CreateObjectMapping: 0.054900 ms MarkObjects: 1.501600 ms  DeleteObjects: 0.014500 ms)

========================================================================
Received Prepare
Registering precompiled user dll's ...
Registered in 0.001537 seconds.
Begin MonoManager ReloadAssembly
Native extension for WindowsStandalone target not found
Refreshing native plugins compatible for Editor in 0.31 ms, found 1 plugins.
Preloading 0 native plugins for Editor in 0.00 ms.
Invoked RoslynAnalysisRunner static constructor.
RoslynAnalysisRunner will not be running.
RoslynAnalysisRunner has terminated.
Mono: successfully reloaded assembly
- Completed reload, in  0.911 seconds
Platform modules already initialized, skipping
Refreshing native plugins compatible for Editor in 0.30 ms, found 1 plugins.
Preloading 0 native plugins for Editor in 0.00 ms.
Unloading 1732 Unused Serialized files (Serialized files now loaded: 0)
System memory in use before: 87.6 MB.
System memory in use after: 87.7 MB.

Unloading 9 unused Assets to reduce memory usage. Loaded Objects now: 2404.
Total: 1.659500 ms (FindLiveObjects: 0.153100 ms CreateObjectMapping: 0.051100 ms MarkObjects: 1.440800 ms  DeleteObjects: 0.013700 ms)

========================================================================
Received Prepare
Registering precompiled user dll's ...
Registered in 0.002218 seconds.
Begin MonoManager ReloadAssembly
Native extension for WindowsStandalone target not found
Refreshing native plugins compatible for Editor in 0.30 ms, found 1 plugins.
Preloading 0 native plugins for Editor in 0.00 ms.
Invoked RoslynAnalysisRunner static constructor.
RoslynAnalysisRunner will not be running.
RoslynAnalysisRunner has terminated.
Mono: successfully reloaded assembly
- Completed reload, in  0.906 seconds
Platform modules already initialized, skipping
Refreshing native plugins compatible for Editor in 0.30 ms, found 1 plugins.
Preloading 0 native plugins for Editor in 0.00 ms.
Unloading 1732 Unused Serialized files (Serialized files now loaded: 0)
System memory in use before: 87.6 MB.
System memory in use after: 87.7 MB.

Unloading 9 unused Assets to reduce memory usage. Loaded Objects now: 2408.
Total: 1.821800 ms (FindLiveObjects: 0.271900 ms CreateObjectMapping: 0.086200 ms MarkObjects: 1.447000 ms  DeleteObjects: 0.015400 ms)

========================================================================
Received Import Request.
  Time since last request: 123.356805 seconds.
  path: Assets/Scripts/ChargeProgress.cs
  artifactKey: Guid(9b934af9c950e6f44a5c35db0fd496f2) Importer(815301076,1909f56bfc062723c751e8b465ee728b)
Start importing Assets/Scripts/ChargeProgress.cs using Guid(9b934af9c950e6f44a5c35db0fd496f2) Importer(815301076,1909f56bfc062723c751e8b465ee728b)  -> (artifact id: '5e7c9d5def4ae7e323dc35815fd1a9b9') in 0.006947 seconds
  Import took 0.009689 seconds .

========================================================================
Received Prepare
Registering precompiled user dll's ...
Registered in 0.001537 seconds.
Begin MonoManager ReloadAssembly
Native extension for WindowsStandalone target not found
Refreshing native plugins compatible for Editor in 0.31 ms, found 1 plugins.
Preloading 0 native plugins for Editor in 0.00 ms.
Invoked RoslynAnalysisRunner static constructor.
RoslynAnalysisRunner will not be running.
RoslynAnalysisRunner has terminated.
Mono: successfully reloaded assembly
- Completed reload, in  0.944 seconds
Platform modules already initialized, skipping
Refreshing native plugins compatible for Editor in 0.31 ms, found 1 plugins.
Preloading 0 native plugins for Editor in 0.00 ms.
Unloading 1733 Unused Serialized files (Serialized files now loaded: 0)
System memory in use before: 87.6 MB.
System memory in use after: 87.7 MB.

Unloading 9 unused Assets to reduce memory usage. Loaded Objects now: 2413.
Total: 1.746600 ms (FindLiveObjects: 0.167400 ms CreateObjectMapping: 0.059200 ms MarkObjects: 1.503300 ms  DeleteObjects: 0.015700 ms)

========================================================================
Received Prepare
Registering precompiled user dll's ...
Registered in 0.001544 seconds.
Begin MonoManager ReloadAssembly
Native extension for WindowsStandalone target not found
Refreshing native plugins compatible for Editor in 0.31 ms, found 1 plugins.
Preloading 0 native plugins for Editor in 0.00 ms.
Invoked RoslynAnalysisRunner static constructor.
RoslynAnalysisRunner will not be running.
RoslynAnalysisRunner has terminated.
Mono: successfully reloaded assembly
- Completed reload, in  0.946 seconds
Platform modules already initialized, skipping
Refreshing native plugins compatible for Editor in 0.36 ms, found 1 plugins.
Preloading 0 native plugins for Editor in 0.00 ms.
Unloading 1733 Unused Serialized files (Serialized files now loaded: 0)
System memory in use before: 87.6 MB.
System memory in use after: 87.7 MB.

Unloading 9 unused Assets to reduce memory usage. Loaded Objects now: 2417.
Total: 1.769200 ms (FindLiveObjects: 0.170100 ms CreateObjectMapping: 0.057300 ms MarkObjects: 1.524100 ms  DeleteObjects: 0.016700 ms)

========================================================================
Received Prepare
Registering precompiled user dll's ...
Registered in 0.001458 seconds.
Begin MonoManager ReloadAssembly
Native extension for WindowsStandalone target not found
Refreshing native plugins compatible for Editor in 0.30 ms, found 1 plugins.
Preloading 0 native plugins for Editor in 0.00 ms.
Invoked RoslynAnalysisRunner static constructor.
RoslynAnalysisRunner will not be running.
RoslynAnalysisRunner has terminated.
Mono: successfully reloaded assembly
- Completed reload, in  1.043 seconds
Platform modules already initialized, skipping
Refreshing native plugins compatible for Editor in 0.30 ms, found 1 plugins.
Preloading 0 native plugins for Editor in 0.00 ms.
Unloading 1733 Unused Serialized files (Serialized files now loaded: 0)
System memory in use before: 87.6 MB.
System memory in use after: 87.7 MB.

Unloading 9 unused Assets to reduce memory usage. Loaded Objects now: 2421.
Total: 1.733200 ms (FindLiveObjects: 0.167500 ms CreateObjectMapping: 0.058100 ms MarkObjects: 1.489500 ms  DeleteObjects: 0.016700 ms)

========================================================================
Received Prepare
Registering precompiled user dll's ...
Registered in 0.001487 seconds.
Begin MonoManager ReloadAssembly
Native extension for WindowsStandalone target not found
Refreshing native plugins compatible for Editor in 0.30 ms, found 1 plugins.
Preloading 0 native plugins for Editor in 0.00 ms.
Invoked RoslynAnalysisRunner static constructor.
RoslynAnalysisRunner will not be running.
RoslynAnalysisRunner has terminated.
Mono: successfully reloaded assembly
- Completed reload, in  0.898 seconds
Platform modules already initialized, skipping
Refreshing native plugins compatible for Editor in 0.30 ms, found 1 plugins.
Preloading 0 native plugins for Editor in 0.00 ms.
Unloading 1733 Unused Serialized files (Serialized files now loaded: 0)
System memory in use before: 87.6 MB.
System memory in use after: 87.7 MB.

Unloading 9 unused Assets to reduce memory usage. Loaded Objects now: 2425.
Total: 1.811900 ms (FindLiveObjects: 0.172900 ms CreateObjectMapping: 0.062200 ms MarkObjects: 1.555400 ms  DeleteObjects: 0.020700 ms)

========================================================================
Received Prepare
Registering precompiled user dll's ...
Registered in 0.001555 seconds.
Begin MonoManager ReloadAssembly
Native extension for WindowsStandalone target not found
Refreshing native plugins compatible for Editor in 0.29 ms, found 1 plugins.
Preloading 0 native plugins for Editor in 0.00 ms.
Invoked RoslynAnalysisRunner static constructor.
RoslynAnalysisRunner will not be running.
RoslynAnalysisRunner has terminated.
Mono: successfully reloaded assembly
- Completed reload, in  0.898 seconds
Platform modules already initialized, skipping
Refreshing native plugins compatible for Editor in 0.30 ms, found 1 plugins.
Preloading 0 native plugins for Editor in 0.00 ms.
Unloading 1733 Unused Serialized files (Serialized files now loaded: 0)
System memory in use before: 87.6 MB.
System memory in use after: 87.8 MB.

Unloading 9 unused Assets to reduce memory usage. Loaded Objects now: 2429.
Total: 1.729200 ms (FindLiveObjects: 0.160700 ms CreateObjectMapping: 0.056800 ms MarkObjects: 1.496700 ms  DeleteObjects: 0.014000 ms)

========================================================================
Received Prepare
Registering precompiled user dll's ...
Registered in 0.001490 seconds.
Begin MonoManager ReloadAssembly
Native extension for WindowsStandalone target not found
Refreshing native plugins compatible for Editor in 0.30 ms, found 1 plugins.
Preloading 0 native plugins for Editor in 0.00 ms.
Invoked RoslynAnalysisRunner static constructor.
RoslynAnalysisRunner will not be running.
RoslynAnalysisRunner has terminated.
Mono: successfully reloaded assembly
- Completed reload, in  0.905 seconds
Platform modules already initialized, skipping
Refreshing native plugins compatible for Editor in 0.30 ms, found 1 plugins.
Preloading 0 native plugins for Editor in 0.00 ms.
Unloading 1733 Unused Serialized files (Serialized files now loaded: 0)
System memory in use before: 87.6 MB.
System memory in use after: 87.8 MB.

Unloading 9 unused Assets to reduce memory usage. Loaded Objects now: 2433.
Total: 1.720700 ms (FindLiveObjects: 0.179400 ms CreateObjectMapping: 0.056200 ms MarkObjects: 1.470600 ms  DeleteObjects: 0.013900 ms)

========================================================================
Received Prepare
Registering precompiled user dll's ...
Registered in 0.001615 seconds.
Begin MonoManager ReloadAssembly
Native extension for WindowsStandalone target not found
Refreshing native plugins compatible for Editor in 0.31 ms, found 1 plugins.
Preloading 0 native plugins for Editor in 0.00 ms.
Invoked RoslynAnalysisRunner static constructor.
RoslynAnalysisRunner will not be running.
RoslynAnalysisRunner has terminated.
Mono: successfully reloaded assembly
- Completed reload, in  0.928 seconds
Platform modules already initialized, skipping
Refreshing native plugins compatible for Editor in 0.30 ms, found 1 plugins.
Preloading 0 native plugins for Editor in 0.00 ms.
Unloading 1733 Unused Serialized files (Serialized files now loaded: 0)
System memory in use before: 87.7 MB.
System memory in use after: 87.8 MB.

Unloading 9 unused Assets to reduce memory usage. Loaded Objects now: 2437.
Total: 1.753300 ms (FindLiveObjects: 0.153300 ms CreateObjectMapping: 0.052700 ms MarkObjects: 1.532500 ms  DeleteObjects: 0.013700 ms)

========================================================================
Received Prepare
Registering precompiled user dll's ...
Registered in 0.001564 seconds.
Begin MonoManager ReloadAssembly
Native extension for WindowsStandalone target not found
Refreshing native plugins compatible for Editor in 0.30 ms, found 1 plugins.
Preloading 0 native plugins for Editor in 0.00 ms.
Invoked RoslynAnalysisRunner static constructor.
RoslynAnalysisRunner will not be running.
RoslynAnalysisRunner has terminated.
Mono: successfully reloaded assembly
- Completed reload, in  0.896 seconds
Platform modules already initialized, skipping
Refreshing native plugins compatible for Editor in 0.29 ms, found 1 plugins.
Preloading 0 native plugins for Editor in 0.00 ms.
Unloading 1733 Unused Serialized files (Serialized files now loaded: 0)
System memory in use before: 87.7 MB.
System memory in use after: 87.8 MB.

Unloading 9 unused Assets to reduce memory usage. Loaded Objects now: 2441.
Total: 1.834300 ms (FindLiveObjects: 0.195200 ms CreateObjectMapping: 0.068300 ms MarkObjects: 1.553300 ms  DeleteObjects: 0.016900 ms)

