Using pre-set license
Built from '2020.3/china_unity/release' branch; Version is '2020.3.3f1c1 (a34b99c2c582) revision 10701721'; Using compiler version '192528614'; Build Type 'Release'
OS: 'Windows 10 Home China; OS build 19041.868; Version 2004; 64bit' Language: 'zh' Physical Memory: 10178 MB
BatchMode: 1, IsHumanControllingUs: 0, StartBugReporterOnCrash: 0, Is64bit: 1, IsPro: 0

 COMMAND LINE ARGUMENTS:
D:\Unity\2020.3.3f1c1\Editor\Unity.exe
-adb2
-batchMode
-noUpm
-name
AssetImportWorker0
-projectPath
E:/repos/BlackAndWhite/BlackAndWhite
-logFile
Logs/AssetImportWorker0.log
-srvPort
64981
Successfully changed project path to: E:/repos/BlackAndWhite/BlackAndWhite
E:/repos/BlackAndWhite/BlackAndWhite
Using Asset Import Pipeline V2.
Refreshing native plugins compatible for Editor in 42.58 ms, found 1 plugins.
Preloading 0 native plugins for Editor in 0.00 ms.
Initialize engine version: 2020.3.3f1c1 (a34b99c2c582)
[Subsystems] Discovering subsystems at path D:/Unity/2020.3.3f1c1/Editor/Data/Resources/UnitySubsystems
[Subsystems] Discovering subsystems at path E:/repos/BlackAndWhite/BlackAndWhite/Assets
GfxDevice: creating device client; threaded=0
Direct3D:
    Version:  Direct3D 11.0 [level 11.1]
    Renderer: AMD Radeon(TM) Vega 8 Graphics (ID=0x15d8)
    Vendor:   
    VRAM:     5089 MB
    Driver:   27.20.15003.1004
Initialize mono
Mono path[0] = 'D:/Unity/2020.3.3f1c1/Editor/Data/Managed'
Mono path[1] = 'D:/Unity/2020.3.3f1c1/Editor/Data/MonoBleedingEdge/lib/mono/unityjit'
Mono config path = 'D:/Unity/2020.3.3f1c1/Editor/Data/MonoBleedingEdge/etc'
Using monoOptions --debugger-agent=transport=dt_socket,embedding=1,server=y,suspend=n,address=127.0.0.1:56284
Begin MonoManager ReloadAssembly
Registering precompiled unity dll's ...
Register platform support module: D:/Unity/2020.3.3f1c1/Editor/Data/PlaybackEngines/WindowsStandaloneSupport/UnityEditor.WindowsStandalone.Extensions.dll
Registered in 0.001762 seconds.
Native extension for WindowsStandalone target not found
Refreshing native plugins compatible for Editor in 45.92 ms, found 1 plugins.
Preloading 0 native plugins for Editor in 0.00 ms.
Invoked RoslynAnalysisRunner static constructor.
RoslynAnalysisRunner will not be running.
RoslynAnalysisRunner has terminated.
Mono: successfully reloaded assembly
- Completed reload, in  0.953 seconds
Platform modules already initialized, skipping
Registering precompiled user dll's ...
Registered in 0.001519 seconds.
Begin MonoManager ReloadAssembly
Native extension for WindowsStandalone target not found
Refreshing native plugins compatible for Editor in 45.66 ms, found 1 plugins.
Preloading 0 native plugins for Editor in 0.00 ms.
Invoked RoslynAnalysisRunner static constructor.
RoslynAnalysisRunner will not be running.
RoslynAnalysisRunner has terminated.
Mono: successfully reloaded assembly
- Completed reload, in  1.175 seconds
Platform modules already initialized, skipping
========================================================================
Worker process is ready to serve import requests
Launched and connected shader compiler UnityShaderCompiler.exe after 0.09 seconds
Refreshing native plugins compatible for Editor in 0.42 ms, found 1 plugins.
Preloading 0 native plugins for Editor in 0.00 ms.
Unloading 1768 Unused Serialized files (Serialized files now loaded: 0)
System memory in use before: 87.9 MB.
System memory in use after: 87.8 MB.

Unloading 29 unused Assets to reduce memory usage. Loaded Objects now: 2209.
Total: 2.497500 ms (FindLiveObjects: 0.238900 ms CreateObjectMapping: 0.058000 ms MarkObjects: 1.978300 ms  DeleteObjects: 0.220200 ms)

========================================================================
Received Import Request.
  path: Assets/New Physics Material 2D.physicsMaterial2D
  artifactKey: Guid(2f583ff430993cd4e9c4111adeadcd20) Importer(815301076,1909f56bfc062723c751e8b465ee728b)
Start importing Assets/New Physics Material 2D.physicsMaterial2D using Guid(2f583ff430993cd4e9c4111adeadcd20) Importer(815301076,1909f56bfc062723c751e8b465ee728b)  -> (artifact id: '9ef1e532627a9923ce804f075b318043') in 0.044106 seconds
  Import took 0.048531 seconds .

========================================================================
Received Import Request.
  Time since last request: 0.000281 seconds.
  path: Assets/Arts/Chapeu_All.png
  artifactKey: Guid(9ef531afd6eb5db44924ecff277cae30) Importer(815301076,1909f56bfc062723c751e8b465ee728b)
Start importing Assets/Arts/Chapeu_All.png using Guid(9ef531afd6eb5db44924ecff277cae30) Importer(815301076,1909f56bfc062723c751e8b465ee728b)  -> (artifact id: 'c90bc34877230a652c7669575b07eb87') in 0.180032 seconds
  Import took 0.184115 seconds .

========================================================================
Received Import Request.
  Time since last request: 0.000349 seconds.
  path: Assets/Arts
  artifactKey: Guid(4622964fbcb16d24bae5345a9959fcf0) Importer(815301076,1909f56bfc062723c751e8b465ee728b)
Start importing Assets/Arts using Guid(4622964fbcb16d24bae5345a9959fcf0) Importer(815301076,1909f56bfc062723c751e8b465ee728b)  -> (artifact id: '21246b5f78602cea1529bf9e844c9aad') in 0.002463 seconds
  Import took 0.006717 seconds .

========================================================================
Received Import Request.
  Time since last request: 0.000294 seconds.
  path: Assets/Scripts/Base
  artifactKey: Guid(f641c95b1ebf1944e968bedcb853b1a8) Importer(815301076,1909f56bfc062723c751e8b465ee728b)
Start importing Assets/Scripts/Base using Guid(f641c95b1ebf1944e968bedcb853b1a8) Importer(815301076,1909f56bfc062723c751e8b465ee728b)  -> (artifact id: '04c5250c6c83f210ea8635e7379f556d') in 0.002532 seconds
  Import took 0.006524 seconds .

========================================================================
Received Import Request.
  Time since last request: 0.049051 seconds.
  path: Assets/Arts/Prototype
  artifactKey: Guid(b7b2dd5f7ef8ea94c90afb310efe45fe) Importer(815301076,1909f56bfc062723c751e8b465ee728b)
Start importing Assets/Arts/Prototype using Guid(b7b2dd5f7ef8ea94c90afb310efe45fe) Importer(815301076,1909f56bfc062723c751e8b465ee728b)  -> (artifact id: '39b64458836b28b4e7bf4cc81daa46c7') in 0.003583 seconds
  Import took 0.008491 seconds .

========================================================================
Received Import Request.
  Time since last request: 7.127553 seconds.
  path: Assets/Arts/Prototype/Circle.png
  artifactKey: Guid(be5ee6ff5f49db0428a03902ab8b27e2) Importer(815301076,1909f56bfc062723c751e8b465ee728b)
Start importing Assets/Arts/Prototype/Circle.png using Guid(be5ee6ff5f49db0428a03902ab8b27e2) Importer(815301076,1909f56bfc062723c751e8b465ee728b)  -> (artifact id: '636bdf8cf4df2c4c7d7e9ea3a6876b24') in 0.014371 seconds
  Import took 0.019164 seconds .

========================================================================
Received Prepare
Registering precompiled user dll's ...
Registered in 0.001716 seconds.
Begin MonoManager ReloadAssembly
Native extension for WindowsStandalone target not found
Refreshing native plugins compatible for Editor in 0.45 ms, found 1 plugins.
Preloading 0 native plugins for Editor in 0.00 ms.
Invoked RoslynAnalysisRunner static constructor.
RoslynAnalysisRunner will not be running.
RoslynAnalysisRunner has terminated.
Mono: successfully reloaded assembly
- Completed reload, in  1.194 seconds
Platform modules already initialized, skipping
Refreshing native plugins compatible for Editor in 0.43 ms, found 1 plugins.
Preloading 0 native plugins for Editor in 0.00 ms.
Unloading 1733 Unused Serialized files (Serialized files now loaded: 0)
System memory in use before: 88.1 MB.
System memory in use after: 88.0 MB.

Unloading 18 unused Assets to reduce memory usage. Loaded Objects now: 2222.
Total: 4.014000 ms (FindLiveObjects: 0.356000 ms CreateObjectMapping: 0.189800 ms MarkObjects: 3.207700 ms  DeleteObjects: 0.258000 ms)

========================================================================
Received Prepare
Registering precompiled user dll's ...
Registered in 0.001750 seconds.
Begin MonoManager ReloadAssembly
Native extension for WindowsStandalone target not found
Refreshing native plugins compatible for Editor in 0.48 ms, found 1 plugins.
Preloading 0 native plugins for Editor in 0.00 ms.
Invoked RoslynAnalysisRunner static constructor.
RoslynAnalysisRunner will not be running.
RoslynAnalysisRunner has terminated.
Mono: successfully reloaded assembly
- Completed reload, in  1.148 seconds
Platform modules already initialized, skipping
Refreshing native plugins compatible for Editor in 0.54 ms, found 1 plugins.
Preloading 0 native plugins for Editor in 0.00 ms.
Unloading 1733 Unused Serialized files (Serialized files now loaded: 0)
System memory in use before: 88.2 MB.
System memory in use after: 88.1 MB.

Unloading 18 unused Assets to reduce memory usage. Loaded Objects now: 2226.
Total: 3.609900 ms (FindLiveObjects: 0.346400 ms CreateObjectMapping: 0.079900 ms MarkObjects: 2.926300 ms  DeleteObjects: 0.255000 ms)

========================================================================
Received Prepare
Registering precompiled user dll's ...
Registered in 0.002068 seconds.
Begin MonoManager ReloadAssembly
Native extension for WindowsStandalone target not found
Refreshing native plugins compatible for Editor in 0.43 ms, found 1 plugins.
Preloading 0 native plugins for Editor in 0.00 ms.
Invoked RoslynAnalysisRunner static constructor.
RoslynAnalysisRunner will not be running.
RoslynAnalysisRunner has terminated.
Mono: successfully reloaded assembly
- Completed reload, in  1.160 seconds
Platform modules already initialized, skipping
Refreshing native plugins compatible for Editor in 0.41 ms, found 1 plugins.
Preloading 0 native plugins for Editor in 0.00 ms.
Unloading 1733 Unused Serialized files (Serialized files now loaded: 0)
System memory in use before: 88.2 MB.
System memory in use after: 88.1 MB.

Unloading 18 unused Assets to reduce memory usage. Loaded Objects now: 2230.
Total: 3.101200 ms (FindLiveObjects: 0.275000 ms CreateObjectMapping: 0.066400 ms MarkObjects: 2.515300 ms  DeleteObjects: 0.242700 ms)

========================================================================
Received Prepare
Registering precompiled user dll's ...
Registered in 0.001624 seconds.
Begin MonoManager ReloadAssembly
Native extension for WindowsStandalone target not found
Refreshing native plugins compatible for Editor in 0.43 ms, found 1 plugins.
Preloading 0 native plugins for Editor in 0.00 ms.
Invoked RoslynAnalysisRunner static constructor.
RoslynAnalysisRunner will not be running.
RoslynAnalysisRunner has terminated.
Mono: successfully reloaded assembly
- Completed reload, in  1.158 seconds
Platform modules already initialized, skipping
Refreshing native plugins compatible for Editor in 0.54 ms, found 1 plugins.
Preloading 0 native plugins for Editor in 0.00 ms.
Unloading 1733 Unused Serialized files (Serialized files now loaded: 0)
System memory in use before: 88.2 MB.
System memory in use after: 88.1 MB.

Unloading 18 unused Assets to reduce memory usage. Loaded Objects now: 2234.
Total: 4.343100 ms (FindLiveObjects: 0.323300 ms CreateObjectMapping: 0.091900 ms MarkObjects: 3.605500 ms  DeleteObjects: 0.319900 ms)

========================================================================
Received Prepare
Registering precompiled user dll's ...
Registered in 0.001570 seconds.
Begin MonoManager ReloadAssembly
Native extension for WindowsStandalone target not found
Refreshing native plugins compatible for Editor in 0.43 ms, found 1 plugins.
Preloading 0 native plugins for Editor in 0.00 ms.
Invoked RoslynAnalysisRunner static constructor.
RoslynAnalysisRunner will not be running.
RoslynAnalysisRunner has terminated.
Mono: successfully reloaded assembly
- Completed reload, in  1.130 seconds
Platform modules already initialized, skipping
Refreshing native plugins compatible for Editor in 0.47 ms, found 1 plugins.
Preloading 0 native plugins for Editor in 0.00 ms.
Unloading 1733 Unused Serialized files (Serialized files now loaded: 0)
System memory in use before: 88.2 MB.
System memory in use after: 88.1 MB.

Unloading 18 unused Assets to reduce memory usage. Loaded Objects now: 2238.
Total: 3.597000 ms (FindLiveObjects: 0.406400 ms CreateObjectMapping: 0.067400 ms MarkObjects: 2.855000 ms  DeleteObjects: 0.266000 ms)

========================================================================
Received Prepare
Registering precompiled user dll's ...
Registered in 0.001494 seconds.
Begin MonoManager ReloadAssembly
Native extension for WindowsStandalone target not found
Refreshing native plugins compatible for Editor in 0.43 ms, found 1 plugins.
Preloading 0 native plugins for Editor in 0.00 ms.
Invoked RoslynAnalysisRunner static constructor.
RoslynAnalysisRunner will not be running.
RoslynAnalysisRunner has terminated.
Mono: successfully reloaded assembly
- Completed reload, in  1.127 seconds
Platform modules already initialized, skipping
Refreshing native plugins compatible for Editor in 0.43 ms, found 1 plugins.
Preloading 0 native plugins for Editor in 0.00 ms.
Unloading 1733 Unused Serialized files (Serialized files now loaded: 0)
System memory in use before: 88.2 MB.
System memory in use after: 88.1 MB.

Unloading 18 unused Assets to reduce memory usage. Loaded Objects now: 2242.
Total: 4.469500 ms (FindLiveObjects: 0.548100 ms CreateObjectMapping: 0.158400 ms MarkObjects: 3.455000 ms  DeleteObjects: 0.304400 ms)

========================================================================
Received Prepare
Registering precompiled user dll's ...
Registered in 0.001472 seconds.
Begin MonoManager ReloadAssembly
Native extension for WindowsStandalone target not found
Refreshing native plugins compatible for Editor in 0.43 ms, found 1 plugins.
Preloading 0 native plugins for Editor in 0.00 ms.
Invoked RoslynAnalysisRunner static constructor.
RoslynAnalysisRunner will not be running.
RoslynAnalysisRunner has terminated.
Mono: successfully reloaded assembly
- Completed reload, in  1.151 seconds
Platform modules already initialized, skipping
Refreshing native plugins compatible for Editor in 0.57 ms, found 1 plugins.
Preloading 0 native plugins for Editor in 0.00 ms.
Unloading 1733 Unused Serialized files (Serialized files now loaded: 0)
System memory in use before: 88.2 MB.
System memory in use after: 88.1 MB.

Unloading 18 unused Assets to reduce memory usage. Loaded Objects now: 2246.
Total: 3.014100 ms (FindLiveObjects: 0.285200 ms CreateObjectMapping: 0.066300 ms MarkObjects: 2.450300 ms  DeleteObjects: 0.210700 ms)

========================================================================
Received Prepare
Registering precompiled user dll's ...
Registered in 0.002220 seconds.
Begin MonoManager ReloadAssembly
Native extension for WindowsStandalone target not found
Refreshing native plugins compatible for Editor in 0.44 ms, found 1 plugins.
Preloading 0 native plugins for Editor in 0.00 ms.
Invoked RoslynAnalysisRunner static constructor.
RoslynAnalysisRunner will not be running.
RoslynAnalysisRunner has terminated.
Mono: successfully reloaded assembly
- Completed reload, in  1.127 seconds
Platform modules already initialized, skipping
Refreshing native plugins compatible for Editor in 0.58 ms, found 1 plugins.
Preloading 0 native plugins for Editor in 0.00 ms.
Unloading 1733 Unused Serialized files (Serialized files now loaded: 0)
System memory in use before: 88.2 MB.
System memory in use after: 88.1 MB.

Unloading 18 unused Assets to reduce memory usage. Loaded Objects now: 2250.
Total: 3.331200 ms (FindLiveObjects: 0.282600 ms CreateObjectMapping: 0.071400 ms MarkObjects: 2.729100 ms  DeleteObjects: 0.246400 ms)

========================================================================
Received Prepare
Registering precompiled user dll's ...
Registered in 0.002079 seconds.
Begin MonoManager ReloadAssembly
Native extension for WindowsStandalone target not found
Refreshing native plugins compatible for Editor in 0.68 ms, found 1 plugins.
Preloading 0 native plugins for Editor in 0.00 ms.
Invoked RoslynAnalysisRunner static constructor.
RoslynAnalysisRunner will not be running.
RoslynAnalysisRunner has terminated.
Mono: successfully reloaded assembly
- Completed reload, in  1.124 seconds
Platform modules already initialized, skipping
Refreshing native plugins compatible for Editor in 0.48 ms, found 1 plugins.
Preloading 0 native plugins for Editor in 0.00 ms.
Unloading 1733 Unused Serialized files (Serialized files now loaded: 0)
System memory in use before: 88.2 MB.
System memory in use after: 88.1 MB.

Unloading 18 unused Assets to reduce memory usage. Loaded Objects now: 2254.
Total: 2.927900 ms (FindLiveObjects: 0.319700 ms CreateObjectMapping: 0.057800 ms MarkObjects: 2.305700 ms  DeleteObjects: 0.243100 ms)

========================================================================
Received Prepare
Registering precompiled user dll's ...
Registered in 0.001786 seconds.
Begin MonoManager ReloadAssembly
Native extension for WindowsStandalone target not found
Refreshing native plugins compatible for Editor in 0.43 ms, found 1 plugins.
Preloading 0 native plugins for Editor in 0.00 ms.
Invoked RoslynAnalysisRunner static constructor.
RoslynAnalysisRunner will not be running.
RoslynAnalysisRunner has terminated.
Mono: successfully reloaded assembly
- Completed reload, in  1.144 seconds
Platform modules already initialized, skipping
Refreshing native plugins compatible for Editor in 0.51 ms, found 1 plugins.
Preloading 0 native plugins for Editor in 0.00 ms.
Unloading 1733 Unused Serialized files (Serialized files now loaded: 0)
System memory in use before: 88.2 MB.
System memory in use after: 88.1 MB.

Unloading 18 unused Assets to reduce memory usage. Loaded Objects now: 2258.
Total: 3.094100 ms (FindLiveObjects: 0.269700 ms CreateObjectMapping: 0.055600 ms MarkObjects: 2.521200 ms  DeleteObjects: 0.245800 ms)

========================================================================
Received Prepare
Registering precompiled user dll's ...
Registered in 0.001708 seconds.
Begin MonoManager ReloadAssembly
Native extension for WindowsStandalone target not found
Refreshing native plugins compatible for Editor in 0.46 ms, found 1 plugins.
Preloading 0 native plugins for Editor in 0.00 ms.
Invoked RoslynAnalysisRunner static constructor.
RoslynAnalysisRunner will not be running.
RoslynAnalysisRunner has terminated.
Mono: successfully reloaded assembly
- Completed reload, in  1.133 seconds
Platform modules already initialized, skipping
Refreshing native plugins compatible for Editor in 0.49 ms, found 1 plugins.
Preloading 0 native plugins for Editor in 0.00 ms.
Unloading 1733 Unused Serialized files (Serialized files now loaded: 0)
System memory in use before: 88.3 MB.
System memory in use after: 88.1 MB.

Unloading 18 unused Assets to reduce memory usage. Loaded Objects now: 2262.
Total: 2.610900 ms (FindLiveObjects: 0.297000 ms CreateObjectMapping: 0.076400 ms MarkObjects: 2.012300 ms  DeleteObjects: 0.223600 ms)

AssetImportWorkerClient::OnTransportError - code=2 error=End of file
